Added Component: Designator=C?(c0603_l)
Add component (AddParameter): Name = "BOM名称"; Value = "无极性贴片电容"; VariantName = "[No Variations]"
Add component (AddParameter): Name = "当前库版本V2022.12.25 @淘宝卖家:黄晶宝石"; Value = "最新版本发布https://shop463601444.taobao.com"; VariantName = "[No Variations]"
Added Component: Designator=C?(c0603_l)
Add component (AddParameter): Name = "BOM名称"; Value = "无极性贴片电容"; VariantName = "[No Variations]"
Add component (AddParameter): Name = "当前库版本V2022.12.25 @淘宝卖家:黄晶宝石"; Value = "最新版本发布https://shop463601444.taobao.com"; VariantName = "[No Variations]"
Added Component: Designator=C?(c0603_l)
Add component (AddParameter): Name = "BOM名称"; Value = "无极性贴片电容"; VariantName = "[No Variations]"
Add component (AddParameter): Name = "当前库版本V2022.12.25 @淘宝卖家:黄晶宝石"; Value = "最新版本发布https://shop463601444.taobao.com"; VariantName = "[No Variations]"
Added Component: Designator=C?(c0603_l)
Add component (AddParameter): Name = "BOM名称"; Value = "无极性贴片电容"; VariantName = "[No Variations]"
Add component (AddParameter): Name = "当前库版本V2022.12.25 @淘宝卖家:黄晶宝石"; Value = "最新版本发布https://shop463601444.taobao.com"; VariantName = "[No Variations]"
Added Component: Designator=C?(c0603_l)
Add component (AddParameter): Name = "BOM名称"; Value = "无极性贴片电容"; VariantName = "[No Variations]"
Add component (AddParameter): Name = "当前库版本V2022.12.25 @淘宝卖家:黄晶宝石"; Value = "最新版本发布https://shop463601444.taobao.com"; VariantName = "[No Variations]"
Added Component: Designator=C?(c0603_l)
Add component (AddParameter): Name = "BOM名称"; Value = "无极性贴片电容"; VariantName = "[No Variations]"
Add component (AddParameter): Name = "当前库版本V2022.12.25 @淘宝卖家:黄晶宝石"; Value = "最新版本发布https://shop463601444.taobao.com"; VariantName = "[No Variations]"
Added Component: Designator=C?(c0603_l)
Add component (AddParameter): Name = "BOM名称"; Value = "无极性贴片电容"; VariantName = "[No Variations]"
Add component (AddParameter): Name = "当前库版本V2022.12.25 @淘宝卖家:黄晶宝石"; Value = "最新版本发布https://shop463601444.taobao.com"; VariantName = "[No Variations]"
Added Component: Designator=C?(c0603_l)
Add component (AddParameter): Name = "BOM名称"; Value = "无极性贴片电容"; VariantName = "[No Variations]"
Add component (AddParameter): Name = "当前库版本V2022.12.25 @淘宝卖家:黄晶宝石"; Value = "最新版本发布https://shop463601444.taobao.com"; VariantName = "[No Variations]"
Added Component: Designator=J?(PCIe Gen4 X4 贴片)
Added Component: Designator=J?(PCIe Gen4 X4 贴片)
Added Component: Designator=J?(CON_PCI-E_164_M)
Add component (AddParameter): Name = "_"; Value = "3"; VariantName = "[No Variations]"
Add component (AddParameter): Name = "Add into BOM"; Value = "no"; VariantName = "[No Variations]"
Add component (AddParameter): Name = "Channel ID"; Value = ""; VariantName = "[No Variations]"
Add component (AddParameter): Name = "Convert to PCB"; Value = "yes"; VariantName = "[No Variations]"
Add component (AddParameter): Name = "Device"; Value = "Gold Finger CEMx16"; VariantName = "[No Variations]"
Add component (AddParameter): Name = "Group ID"; Value = ""; VariantName = "[No Variations]"
Add component (AddParameter): Name = "Reuse Block"; Value = ""; VariantName = "[No Variations]"
Add component (AddParameter): Name = "Symbol"; Value = "Gold Finger CEMx16"; VariantName = "[No Variations]"
Added Component: Designator=J?(PCIe Gen4 X4 贴片)
Added Component: Designator=J?(SFF8611_卧式)
Added Component: Designator=R?(r0402_l)
Add component (AddParameter): Name = "BOM名称"; Value = "贴片电阻"; VariantName = "[No Variations]"
Add component (AddParameter): Name = "联系下单店铺卖家 免费帮你查找封装"; Value = "联系下单店铺卖家 免费技术支持"; VariantName = "[No Variations]"
Added Component: Designator=R?(r0402_l)
Add component (AddParameter): Name = "BOM名称"; Value = "贴片电阻"; VariantName = "[No Variations]"
Add component (AddParameter): Name = "联系下单店铺卖家 免费帮你查找封装"; Value = "联系下单店铺卖家 免费技术支持"; VariantName = "[No Variations]"
Added Component: Designator=R?(r0402_l)
Add component (AddParameter): Name = "BOM名称"; Value = "贴片电阻"; VariantName = "[No Variations]"
Add component (AddParameter): Name = "联系下单店铺卖家 免费帮你查找封装"; Value = "联系下单店铺卖家 免费技术支持"; VariantName = "[No Variations]"
Added Component: Designator=R?(r0402_l)
Add component (AddParameter): Name = "BOM名称"; Value = "贴片电阻"; VariantName = "[No Variations]"
Add component (AddParameter): Name = "联系下单店铺卖家 免费帮你查找封装"; Value = "联系下单店铺卖家 免费技术支持"; VariantName = "[No Variations]"
Added Component: Designator=R?(r0402_l)
Add component (AddParameter): Name = "BOM名称"; Value = "贴片电阻"; VariantName = "[No Variations]"
Add component (AddParameter): Name = "联系下单店铺卖家 免费帮你查找封装"; Value = "联系下单店铺卖家 免费技术支持"; VariantName = "[No Variations]"
Added Component: Designator=R?(r0402_l)
Add component (AddParameter): Name = "BOM名称"; Value = "贴片电阻"; VariantName = "[No Variations]"
Add component (AddParameter): Name = "联系下单店铺卖家 免费帮你查找封装"; Value = "联系下单店铺卖家 免费技术支持"; VariantName = "[No Variations]"
Added Component: Designator=R?(r0402_l)
Add component (AddParameter): Name = "BOM名称"; Value = "贴片电阻"; VariantName = "[No Variations]"
Add component (AddParameter): Name = "联系下单店铺卖家 免费帮你查找封装"; Value = "联系下单店铺卖家 免费技术支持"; VariantName = "[No Variations]"
Added Component: Designator=R?(r0402_l)
Add component (AddParameter): Name = "BOM名称"; Value = "贴片电阻"; VariantName = "[No Variations]"
Add component (AddParameter): Name = "联系下单店铺卖家 免费帮你查找封装"; Value = "联系下单店铺卖家 免费技术支持"; VariantName = "[No Variations]"
Added Component: Designator=R?(r0402_l)
Add component (AddParameter): Name = "BOM名称"; Value = "贴片电阻"; VariantName = "[No Variations]"
Add component (AddParameter): Name = "联系下单店铺卖家 免费帮你查找封装"; Value = "联系下单店铺卖家 免费技术支持"; VariantName = "[No Variations]"
Added Component: Designator=R?(r0402_l)
Add component (AddParameter): Name = "BOM名称"; Value = "贴片电阻"; VariantName = "[No Variations]"
Add component (AddParameter): Name = "联系下单店铺卖家 免费帮你查找封装"; Value = "联系下单店铺卖家 免费技术支持"; VariantName = "[No Variations]"
Added Component: Designator=R?(r0402_l)
Add component (AddParameter): Name = "BOM名称"; Value = "贴片电阻"; VariantName = "[No Variations]"
Add component (AddParameter): Name = "联系下单店铺卖家 免费帮你查找封装"; Value = "联系下单店铺卖家 免费技术支持"; VariantName = "[No Variations]"
Added Component: Designator=R?(r0402_l)
Add component (AddParameter): Name = "BOM名称"; Value = "贴片电阻"; VariantName = "[No Variations]"
Add component (AddParameter): Name = "联系下单店铺卖家 免费帮你查找封装"; Value = "联系下单店铺卖家 免费技术支持"; VariantName = "[No Variations]"
Added Component: Designator=R?(r0402_l)
Add component (AddParameter): Name = "BOM名称"; Value = "贴片电阻"; VariantName = "[No Variations]"
Add component (AddParameter): Name = "联系下单店铺卖家 免费帮你查找封装"; Value = "联系下单店铺卖家 免费技术支持"; VariantName = "[No Variations]"
Added Component: Designator=R?(r0402_l)
Add component (AddParameter): Name = "BOM名称"; Value = "贴片电阻"; VariantName = "[No Variations]"
Add component (AddParameter): Name = "联系下单店铺卖家 免费帮你查找封装"; Value = "联系下单店铺卖家 免费技术支持"; VariantName = "[No Variations]"
Added Component: Designator=R?(r0402_l)
Add component (AddParameter): Name = "BOM名称"; Value = "贴片电阻"; VariantName = "[No Variations]"
Add component (AddParameter): Name = "联系下单店铺卖家 免费帮你查找封装"; Value = "联系下单店铺卖家 免费技术支持"; VariantName = "[No Variations]"
Added Component: Designator=R?(r0402_l)
Add component (AddParameter): Name = "BOM名称"; Value = "贴片电阻"; VariantName = "[No Variations]"
Add component (AddParameter): Name = "联系下单店铺卖家 免费帮你查找封装"; Value = "联系下单店铺卖家 免费技术支持"; VariantName = "[No Variations]"
Added Component: Designator=U?(QFN32 5x5_N)
Added Pin To Net: NetName=GND Pin=C?-1
Added Pin To Net: NetName=GND Pin=C?-1
Added Pin To Net: NetName=GND Pin=C?-1
Added Pin To Net: NetName=GND Pin=C?-1
Added Pin To Net: NetName=GND Pin=C?-1
Added Pin To Net: NetName=GND Pin=C?-1
Added Pin To Net: NetName=GND Pin=C?-1
Added Pin To Net: NetName=GND Pin=C?-1
Added Pin To Net: NetName=GND Pin=R?-2
Added Pin To Net: NetName=GND Pin=R?-2
Added Pin To Net: NetName=GND Pin=R?-2
Added Pin To Net: NetName=GND Pin=R?-2
Added Pin To Net: NetName=GND Pin=R?-2
Added Pin To Net: NetName=GND Pin=R?-2
Added Pin To Net: NetName=GND Pin=R?-2
Added Pin To Net: NetName=GND Pin=R?-2
Added Pin To Net: NetName=GND Pin=U?-1
Added Pin To Net: NetName=GND Pin=U?-8
Added Pin To Net: NetName=GND Pin=U?-9
Added Pin To Net: NetName=GND Pin=U?-13
Added Pin To Net: NetName=GND Pin=U?-16
Added Pin To Net: NetName=GND Pin=U?-17
Added Pin To Net: NetName=GND Pin=U?-24
Added Pin To Net: NetName=GND Pin=U?-31
Added Pin To Net: NetName=GND Pin=U?-33
Added Net: Name=GND
Added Pin To Net: NetName=REFCLK_1_cap_N Pin=R?-2
Added Pin To Net: NetName=REFCLK_1_cap_N Pin=U?-3
Added Net: Name=REFCLK_1_cap_N
Added Pin To Net: NetName=REFCLK_1_cap_P Pin=R?-2
Added Pin To Net: NetName=REFCLK_1_cap_P Pin=U?-4
Added Net: Name=REFCLK_1_cap_P
Added Pin To Net: NetName=REFCLK_1_N Pin=R?-1
Added Pin To Net: NetName=REFCLK_1_N Pin=R?-1
Added Net: Name=REFCLK_1_N
Added Pin To Net: NetName=REFCLK_1_P Pin=R?-1
Added Pin To Net: NetName=REFCLK_1_P Pin=R?-1
Added Net: Name=REFCLK_1_P
Added Pin To Net: NetName=REFCLK_2_cap_N Pin=R?-2
Added Pin To Net: NetName=REFCLK_2_cap_N Pin=U?-6
Added Net: Name=REFCLK_2_cap_N
Added Pin To Net: NetName=REFCLK_2_cap_P Pin=R?-2
Added Pin To Net: NetName=REFCLK_2_cap_P Pin=U?-7
Added Net: Name=REFCLK_2_cap_P
Added Pin To Net: NetName=REFCLK_2_N Pin=R?-1
Added Pin To Net: NetName=REFCLK_2_N Pin=R?-1
Added Net: Name=REFCLK_2_N
Added Pin To Net: NetName=REFCLK_2_P Pin=R?-1
Added Pin To Net: NetName=REFCLK_2_P Pin=R?-1
Added Net: Name=REFCLK_2_P
Added Pin To Net: NetName=REFCLK_3_cap_N Pin=R?-2
Added Pin To Net: NetName=REFCLK_3_cap_N Pin=U?-22
Added Net: Name=REFCLK_3_cap_N
Added Pin To Net: NetName=REFCLK_3_cap_P Pin=R?-2
Added Pin To Net: NetName=REFCLK_3_cap_P Pin=U?-21
Added Net: Name=REFCLK_3_cap_P
Added Pin To Net: NetName=REFCLK_3_N Pin=R?-1
Added Pin To Net: NetName=REFCLK_3_N Pin=R?-1
Added Net: Name=REFCLK_3_N
Added Pin To Net: NetName=REFCLK_3_P Pin=R?-1
Added Pin To Net: NetName=REFCLK_3_P Pin=R?-1
Added Net: Name=REFCLK_3_P
Added Pin To Net: NetName=REFCLK_4_cap_N Pin=R?-2
Added Pin To Net: NetName=REFCLK_4_cap_N Pin=U?-19
Added Net: Name=REFCLK_4_cap_N
Added Pin To Net: NetName=REFCLK_4_cap_P Pin=R?-2
Added Pin To Net: NetName=REFCLK_4_cap_P Pin=U?-18
Added Net: Name=REFCLK_4_cap_P
Added Pin To Net: NetName=REFCLK_4_N Pin=R?-1
Added Pin To Net: NetName=REFCLK_4_N Pin=R?-1
Added Net: Name=REFCLK_4_N
Added Pin To Net: NetName=REFCLK_4_P Pin=R?-1
Added Pin To Net: NetName=REFCLK_4_P Pin=R?-1
Added Net: Name=REFCLK_4_P
Added Pin To Net: NetName=REFCLK_N Pin=U?-14
Added Net: Name=REFCLK_N
Added Pin To Net: NetName=REFCLK_P Pin=U?-15
Added Net: Name=REFCLK_P
Added Pin To Net: NetName=VCC3V3 Pin=C?-2
Added Pin To Net: NetName=VCC3V3 Pin=C?-2
Added Pin To Net: NetName=VCC3V3 Pin=C?-2
Added Pin To Net: NetName=VCC3V3 Pin=C?-2
Added Pin To Net: NetName=VCC3V3 Pin=C?-2
Added Pin To Net: NetName=VCC3V3 Pin=C?-2
Added Pin To Net: NetName=VCC3V3 Pin=C?-2
Added Pin To Net: NetName=VCC3V3 Pin=C?-2
Added Pin To Net: NetName=VCC3V3 Pin=U?-2
Added Pin To Net: NetName=VCC3V3 Pin=U?-5
Added Pin To Net: NetName=VCC3V3 Pin=U?-10
Added Pin To Net: NetName=VCC3V3 Pin=U?-20
Added Pin To Net: NetName=VCC3V3 Pin=U?-23
Added Pin To Net: NetName=VCC3V3 Pin=U?-28
Added Pin To Net: NetName=VCC3V3 Pin=U?-30
Added Pin To Net: NetName=VCC3V3 Pin=U?-32
Added Net: Name=VCC3V3
Added Class: Name=Sheet
Added Differential Pair: Name=REFCLK_1_cap
Added Differential Pair: Name=REFCLK_2_cap
Added Differential Pair: Name=REFCLK_3_cap
Added Differential Pair: Name=REFCLK_4_cap
