Removed Pin From Net: NetName=RX3_P Pin=JP?-1
Removed Pin From Net: NetName=RX3_N Pin=JP?-2
Removed Pin From Net: NetName=TX3_N Pin=JP?-3
Removed Pin From Net: NetName=TX3_P Pin=JP?-4
Removed Pin From Net: NetName=RX2_N Pin=JP?-5
Removed Pin From Net: NetName=RX2_P Pin=JP?-6
Removed Pin From Net: NetName=TX2_N Pin=JP?-7
Removed Pin From Net: NetName=TX2_P Pin=JP?-8
Removed Pin From Net: NetName=RX1_N Pin=JP?-9
Removed Pin From Net: NetName=RX1_P Pin=JP?-10
Removed Pin From Net: NetName=TX1_N Pin=JP?-11
Removed Pin From Net: NetName=TX1_P Pin=JP?-12
Removed Pin From Net: NetName=RX0_N Pin=JP?-13
Removed Pin From Net: NetName=RX0_P Pin=JP?-14
Removed Pin From Net: NetName=TX0_N Pin=JP?-15
Removed Pin From Net: NetName=TX0_P Pin=JP?-16
Removed Pin From Net: NetName=REFCLK_N Pin=JP?-17
Removed Pin From Net: NetName=REFCLK_P Pin=JP?-18
Removed Pin From Net: NetName=PERST# Pin=JP?-19
Change Component Comment : Designator=C1 Old Comment=100nF/0603 New Comment=100nF 6.3V
Change Component Comment : Designator=C2 Old Comment=100nF/0603 New Comment=100nF 6.3V
Change Component Comment : Designator=C3 Old Comment=100nF/0603 New Comment=100nF 6.3V
Change Component Comment : Designator=C4 Old Comment=100nF/0603 New Comment=100nF 6.3V
Change Component Comment : Designator=C5 Old Comment=100nF/0603 New Comment=100nF 6.3V
Change Component Comment : Designator=C6 Old Comment=100nF/0603 New Comment=100nF 6.3V
Change Component Comment : Designator=C7 Old Comment=100nF/0603 New Comment=100nF 6.3V
Change Component Comment : Designator=C8 Old Comment=100nF/0603 New Comment=100nF 6.3V
Change Component Comment : Designator=R1 Old Comment=0402/27R New Comment=27R 1%
Change Component Comment : Designator=R2 Old Comment=0402/27R New Comment=27R 1%
Change Component Comment : Designator=R3 Old Comment=0402/27R New Comment=27R 1%
Change Component Comment : Designator=R4 Old Comment=0402/27R New Comment=27R 1%
Change Component Comment : Designator=R5 Old Comment=0402/27R New Comment=27R 1%
Change Component Comment : Designator=R6 Old Comment=0402/27R New Comment=27R 1%
Change Component Comment : Designator=R7 Old Comment=0402/27R New Comment=27R 1%
Change Component Comment : Designator=R8 Old Comment=0402/27R New Comment=27R 1%
Change Component Comment : Designator=R9 Old Comment=0402/43R New Comment=43R 1%
Change Component Comment : Designator=R10 Old Comment=0402/43R New Comment=43R 1%
Change Component Comment : Designator=R11 Old Comment=0402/43R New Comment=43R 1%
Change Component Comment : Designator=R12 Old Comment=0402/43R New Comment=43R 1%
Change Component Comment : Designator=R13 Old Comment=0402/43R New Comment=43R 1%
Change Component Comment : Designator=R14 Old Comment=0402/43R New Comment=43R 1%
Change Component Comment : Designator=R15 Old Comment=0402/43R New Comment=43R 1%
Change Component Comment : Designator=R16 Old Comment=0402/43R New Comment=43R 1%
Change Component Designator: OldDesignator=JP? NewDesignator=JP1
Added Component: Designator=C9(C0402_L)
Add component (AddParameter): Name = "BOMУћГЦ"; Value = "ЮоМЋадЬљЦЌЕчШн"; VariantName = "[No Variations]"
Add component (AddParameter): Name = "бЇЯАзЪдД"; Value = "www.ooocke.com"; VariantName = "[No Variations]"
Add component (AddParameter): Name = "ВФжЪ"; Value = "X7R"; VariantName = "[No Variations]"
Add component (AddParameter): Name = "АцШЈЙщЪє"; Value = "дДДДПЭ"; VariantName = "[No Variations]"
Added Component: Designator=C10(C0402_L)
Add component (AddParameter): Name = "BOMУћГЦ"; Value = "ЮоМЋадЬљЦЌЕчШн"; VariantName = "[No Variations]"
Add component (AddParameter): Name = "бЇЯАзЪдД"; Value = "www.ooocke.com"; VariantName = "[No Variations]"
Add component (AddParameter): Name = "ВФжЪ"; Value = "X7R"; VariantName = "[No Variations]"
Add component (AddParameter): Name = "АцШЈЙщЪє"; Value = "дДДДПЭ"; VariantName = "[No Variations]"
Added Component: Designator=C11(C0805_L)
Add component (AddParameter): Name = "BOMУћГЦ"; Value = "ЮоМЋадЬљЦЌЕчШн"; VariantName = "[No Variations]"
Add component (AddParameter): Name = "бЇЯАзЪдД"; Value = "www.ooocke.com"; VariantName = "[No Variations]"
Add component (AddParameter): Name = "ВФжЪ"; Value = "X7R"; VariantName = "[No Variations]"
Add component (AddParameter): Name = "АцШЈЙщЪє"; Value = "дДДДПЭ"; VariantName = "[No Variations]"
Added Component: Designator=C12(C0402_L)
Add component (AddParameter): Name = "BOMУћГЦ"; Value = "ЮоМЋадЬљЦЌЕчШн"; VariantName = "[No Variations]"
Add component (AddParameter): Name = "бЇЯАзЪдД"; Value = "www.ooocke.com"; VariantName = "[No Variations]"
Add component (AddParameter): Name = "ВФжЪ"; Value = "X7R"; VariantName = "[No Variations]"
Add component (AddParameter): Name = "АцШЈЙщЪє"; Value = "дДДДПЭ"; VariantName = "[No Variations]"
Added Component: Designator=C13(C0402_L)
Add component (AddParameter): Name = "BOMУћГЦ"; Value = "ЮоМЋадЬљЦЌЕчШн"; VariantName = "[No Variations]"
Add component (AddParameter): Name = "бЇЯАзЪдД"; Value = "www.ooocke.com"; VariantName = "[No Variations]"
Add component (AddParameter): Name = "ВФжЪ"; Value = "X7R"; VariantName = "[No Variations]"
Add component (AddParameter): Name = "АцШЈЙщЪє"; Value = "дДДДПЭ"; VariantName = "[No Variations]"
Added Component: Designator=C14(C0805_L)
Add component (AddParameter): Name = "BOMУћГЦ"; Value = "ЮоМЋадЬљЦЌЕчШн"; VariantName = "[No Variations]"
Add component (AddParameter): Name = "бЇЯАзЪдД"; Value = "www.ooocke.com"; VariantName = "[No Variations]"
Add component (AddParameter): Name = "ВФжЪ"; Value = "X7R"; VariantName = "[No Variations]"
Add component (AddParameter): Name = "АцШЈЙщЪє"; Value = "дДДДПЭ"; VariantName = "[No Variations]"
Added Component: Designator=C15(C0805_L)
Add component (AddParameter): Name = "BOMУћГЦ"; Value = "ЮоМЋадЬљЦЌЕчШн"; VariantName = "[No Variations]"
Add component (AddParameter): Name = "бЇЯАзЪдД"; Value = "www.ooocke.com"; VariantName = "[No Variations]"
Add component (AddParameter): Name = "ВФжЪ"; Value = "X7R"; VariantName = "[No Variations]"
Add component (AddParameter): Name = "АцШЈЙщЪє"; Value = "дДДДПЭ"; VariantName = "[No Variations]"
Added Component: Designator=C16(C0402_L)
Add component (AddParameter): Name = "BOMУћГЦ"; Value = "ЮоМЋадЬљЦЌЕчШн"; VariantName = "[No Variations]"
Add component (AddParameter): Name = "бЇЯАзЪдД"; Value = "www.ooocke.com"; VariantName = "[No Variations]"
Add component (AddParameter): Name = "ВФжЪ"; Value = "X7R"; VariantName = "[No Variations]"
Add component (AddParameter): Name = "АцШЈЙщЪє"; Value = "дДДДПЭ"; VariantName = "[No Variations]"
Added Component: Designator=C17(C0402_L)
Add component (AddParameter): Name = "BOMУћГЦ"; Value = "ЮоМЋадЬљЦЌЕчШн"; VariantName = "[No Variations]"
Add component (AddParameter): Name = "бЇЯАзЪдД"; Value = "www.ooocke.com"; VariantName = "[No Variations]"
Add component (AddParameter): Name = "ВФжЪ"; Value = "X7R"; VariantName = "[No Variations]"
Add component (AddParameter): Name = "АцШЈЙщЪє"; Value = "дДДДПЭ"; VariantName = "[No Variations]"
Added Component: Designator=C18(C0805_L)
Add component (AddParameter): Name = "BOMУћГЦ"; Value = "ЮоМЋадЬљЦЌЕчШн"; VariantName = "[No Variations]"
Add component (AddParameter): Name = "бЇЯАзЪдД"; Value = "www.ooocke.com"; VariantName = "[No Variations]"
Add component (AddParameter): Name = "ВФжЪ"; Value = "X7R"; VariantName = "[No Variations]"
Add component (AddParameter): Name = "АцШЈЙщЪє"; Value = "дДДДПЭ"; VariantName = "[No Variations]"
Added Component: Designator=C19(C0402_L)
Add component (AddParameter): Name = "BOMУћГЦ"; Value = "ЮоМЋадЬљЦЌЕчШн"; VariantName = "[No Variations]"
Add component (AddParameter): Name = "бЇЯАзЪдД"; Value = "www.ooocke.com"; VariantName = "[No Variations]"
Add component (AddParameter): Name = "ВФжЪ"; Value = "X7R"; VariantName = "[No Variations]"
Add component (AddParameter): Name = "АцШЈЙщЪє"; Value = "дДДДПЭ"; VariantName = "[No Variations]"
Added Component: Designator=C20(C0402_L)
Add component (AddParameter): Name = "BOMУћГЦ"; Value = "ЮоМЋадЬљЦЌЕчШн"; VariantName = "[No Variations]"
Add component (AddParameter): Name = "бЇЯАзЪдД"; Value = "www.ooocke.com"; VariantName = "[No Variations]"
Add component (AddParameter): Name = "ВФжЪ"; Value = "X7R"; VariantName = "[No Variations]"
Add component (AddParameter): Name = "АцШЈЙщЪє"; Value = "дДДДПЭ"; VariantName = "[No Variations]"
Added Component: Designator=C21(C0805_L)
Add component (AddParameter): Name = "BOMУћГЦ"; Value = "ЮоМЋадЬљЦЌЕчШн"; VariantName = "[No Variations]"
Add component (AddParameter): Name = "бЇЯАзЪдД"; Value = "www.ooocke.com"; VariantName = "[No Variations]"
Add component (AddParameter): Name = "ВФжЪ"; Value = "X7R"; VariantName = "[No Variations]"
Add component (AddParameter): Name = "АцШЈЙщЪє"; Value = "дДДДПЭ"; VariantName = "[No Variations]"
Added Component: Designator=C22(C0805_L)
Add component (AddParameter): Name = "BOMУћГЦ"; Value = "ЮоМЋадЬљЦЌЕчШн"; VariantName = "[No Variations]"
Add component (AddParameter): Name = "бЇЯАзЪдД"; Value = "www.ooocke.com"; VariantName = "[No Variations]"
Add component (AddParameter): Name = "ВФжЪ"; Value = "X7R"; VariantName = "[No Variations]"
Add component (AddParameter): Name = "АцШЈЙщЪє"; Value = "дДДДПЭ"; VariantName = "[No Variations]"
Added Component: Designator=C23(C0402_L)
Add component (AddParameter): Name = "BOMУћГЦ"; Value = "ЮоМЋадЬљЦЌЕчШн"; VariantName = "[No Variations]"
Add component (AddParameter): Name = "бЇЯАзЪдД"; Value = "www.ooocke.com"; VariantName = "[No Variations]"
Add component (AddParameter): Name = "ВФжЪ"; Value = "X7R"; VariantName = "[No Variations]"
Add component (AddParameter): Name = "АцШЈЙщЪє"; Value = "дДДДПЭ"; VariantName = "[No Variations]"
Added Component: Designator=C24(C0402_L)
Add component (AddParameter): Name = "BOMУћГЦ"; Value = "ЮоМЋадЬљЦЌЕчШн"; VariantName = "[No Variations]"
Add component (AddParameter): Name = "бЇЯАзЪдД"; Value = "www.ooocke.com"; VariantName = "[No Variations]"
Add component (AddParameter): Name = "ВФжЪ"; Value = "X7R"; VariantName = "[No Variations]"
Add component (AddParameter): Name = "АцШЈЙщЪє"; Value = "дДДДПЭ"; VariantName = "[No Variations]"
Added Component: Designator=C25(C0805_L)
Add component (AddParameter): Name = "BOMУћГЦ"; Value = "ЮоМЋадЬљЦЌЕчШн"; VariantName = "[No Variations]"
Add component (AddParameter): Name = "бЇЯАзЪдД"; Value = "www.ooocke.com"; VariantName = "[No Variations]"
Add component (AddParameter): Name = "ВФжЪ"; Value = "X7R"; VariantName = "[No Variations]"
Add component (AddParameter): Name = "АцШЈЙщЪє"; Value = "дДДДПЭ"; VariantName = "[No Variations]"
Added Component: Designator=C26(C0402_L)
Add component (AddParameter): Name = "BOMУћГЦ"; Value = "ЮоМЋадЬљЦЌЕчШн"; VariantName = "[No Variations]"
Add component (AddParameter): Name = "бЇЯАзЪдД"; Value = "www.ooocke.com"; VariantName = "[No Variations]"
Add component (AddParameter): Name = "ВФжЪ"; Value = "X7R"; VariantName = "[No Variations]"
Add component (AddParameter): Name = "АцШЈЙщЪє"; Value = "дДДДПЭ"; VariantName = "[No Variations]"
Added Component: Designator=C27(C0402_L)
Add component (AddParameter): Name = "BOMУћГЦ"; Value = "ЮоМЋадЬљЦЌЕчШн"; VariantName = "[No Variations]"
Add component (AddParameter): Name = "бЇЯАзЪдД"; Value = "www.ooocke.com"; VariantName = "[No Variations]"
Add component (AddParameter): Name = "ВФжЪ"; Value = "X7R"; VariantName = "[No Variations]"
Add component (AddParameter): Name = "АцШЈЙщЪє"; Value = "дДДДПЭ"; VariantName = "[No Variations]"
Added Component: Designator=C28(C0805_L)
Add component (AddParameter): Name = "BOMУћГЦ"; Value = "ЮоМЋадЬљЦЌЕчШн"; VariantName = "[No Variations]"
Add component (AddParameter): Name = "бЇЯАзЪдД"; Value = "www.ooocke.com"; VariantName = "[No Variations]"
Add component (AddParameter): Name = "ВФжЪ"; Value = "X7R"; VariantName = "[No Variations]"
Add component (AddParameter): Name = "АцШЈЙщЪє"; Value = "дДДДПЭ"; VariantName = "[No Variations]"
Added Component: Designator=C29(C0805_L)
Add component (AddParameter): Name = "BOMУћГЦ"; Value = "ЮоМЋадЬљЦЌЕчШн"; VariantName = "[No Variations]"
Add component (AddParameter): Name = "бЇЯАзЪдД"; Value = "www.ooocke.com"; VariantName = "[No Variations]"
Add component (AddParameter): Name = "ВФжЪ"; Value = "X7R"; VariantName = "[No Variations]"
Add component (AddParameter): Name = "АцШЈЙщЪє"; Value = "дДДДПЭ"; VariantName = "[No Variations]"
Added Component: Designator=L1(SMMS0420)
Add component (AddParameter): Name = "BOMУћГЦ"; Value = "аЁЙІТЪЬљЦЌЕчИа"; VariantName = "[No Variations]"
Add component (AddParameter): Name = "бЇЯАзЪдД"; Value = "www.ooocke.com"; VariantName = "[No Variations]"
Add component (AddParameter): Name = "АцШЈЙщЪє"; Value = "дДДДПЭ"; VariantName = "[No Variations]"
Added Component: Designator=L2(SMMS0420)
Add component (AddParameter): Name = "BOMУћГЦ"; Value = "аЁЙІТЪЬљЦЌЕчИа"; VariantName = "[No Variations]"
Add component (AddParameter): Name = "бЇЯАзЪдД"; Value = "www.ooocke.com"; VariantName = "[No Variations]"
Add component (AddParameter): Name = "АцШЈЙщЪє"; Value = "дДДДПЭ"; VariantName = "[No Variations]"
Added Component: Designator=L3(SMMS0420)
Add component (AddParameter): Name = "BOMУћГЦ"; Value = "аЁЙІТЪЬљЦЌЕчИа"; VariantName = "[No Variations]"
Add component (AddParameter): Name = "бЇЯАзЪдД"; Value = "www.ooocke.com"; VariantName = "[No Variations]"
Add component (AddParameter): Name = "АцШЈЙщЪє"; Value = "дДДДПЭ"; VariantName = "[No Variations]"
Added Component: Designator=R17(r0402_l)
Add component (AddParameter): Name = "BOMУћГЦ"; Value = "ЬљЦЌЕчзш"; VariantName = "[No Variations]"
Add component (AddParameter): Name = "СЊЯЕЯТЕЅЕъЦЬТєМв УтЗбАяФуВщевЗтзА"; Value = "СЊЯЕЯТЕЅЕъЦЬТєМв УтЗбММЪѕжЇГж"; VariantName = "[No Variations]"
Added Component: Designator=R18(r0402_l)
Add component (AddParameter): Name = "BOMУћГЦ"; Value = "ЬљЦЌЕчзш"; VariantName = "[No Variations]"
Add component (AddParameter): Name = "СЊЯЕЯТЕЅЕъЦЬТєМв УтЗбАяФуВщевЗтзА"; Value = "СЊЯЕЯТЕЅЕъЦЬТєМв УтЗбММЪѕжЇГж"; VariantName = "[No Variations]"
Added Component: Designator=R19(r0402_l)
Add component (AddParameter): Name = "BOMУћГЦ"; Value = "ЬљЦЌЕчзш"; VariantName = "[No Variations]"
Add component (AddParameter): Name = "СЊЯЕЯТЕЅЕъЦЬТєМв УтЗбАяФуВщевЗтзА"; Value = "СЊЯЕЯТЕЅЕъЦЬТєМв УтЗбММЪѕжЇГж"; VariantName = "[No Variations]"
Added Component: Designator=R20(R0402_L)
Add component (AddParameter): Name = "BOMУћГЦ"; Value = "ЬљЦЌЕчзш"; VariantName = "[No Variations]"
Add component (AddParameter): Name = "бЇЯАзЪдД"; Value = "www.ooocke.com"; VariantName = "[No Variations]"
Add component (AddParameter): Name = "АцШЈЙщЪє"; Value = "дДДДПЭ"; VariantName = "[No Variations]"
Added Component: Designator=R21(R0402_L)
Add component (AddParameter): Name = "BOMУћГЦ"; Value = "ЬљЦЌЕчзш"; VariantName = "[No Variations]"
Add component (AddParameter): Name = "бЇЯАзЪдД"; Value = "www.ooocke.com"; VariantName = "[No Variations]"
Add component (AddParameter): Name = "АцШЈЙщЪє"; Value = "дДДДПЭ"; VariantName = "[No Variations]"
Added Component: Designator=R22(R0402_L)
Add component (AddParameter): Name = "BOMУћГЦ"; Value = "ЬљЦЌЕчзш"; VariantName = "[No Variations]"
Add component (AddParameter): Name = "бЇЯАзЪдД"; Value = "www.ooocke.com"; VariantName = "[No Variations]"
Add component (AddParameter): Name = "АцШЈЙщЪє"; Value = "дДДДПЭ"; VariantName = "[No Variations]"
Added Component: Designator=R23(R0402_L)
Add component (AddParameter): Name = "BOMУћГЦ"; Value = "ЬљЦЌЕчзш"; VariantName = "[No Variations]"
Add component (AddParameter): Name = "бЇЯАзЪдД"; Value = "www.ooocke.com"; VariantName = "[No Variations]"
Add component (AddParameter): Name = "АцШЈЙщЪє"; Value = "дДДДПЭ"; VariantName = "[No Variations]"
Added Component: Designator=R24(R0402_L)
Add component (AddParameter): Name = "BOMУћГЦ"; Value = "ЬљЦЌЕчзш"; VariantName = "[No Variations]"
Add component (AddParameter): Name = "бЇЯАзЪдД"; Value = "www.ooocke.com"; VariantName = "[No Variations]"
Add component (AddParameter): Name = "АцШЈЙщЪє"; Value = "дДДДПЭ"; VariantName = "[No Variations]"
Added Component: Designator=R25(R0402_L)
Add component (AddParameter): Name = "BOMУћГЦ"; Value = "ЬљЦЌЕчзш"; VariantName = "[No Variations]"
Add component (AddParameter): Name = "бЇЯАзЪдД"; Value = "www.ooocke.com"; VariantName = "[No Variations]"
Add component (AddParameter): Name = "АцШЈЙщЪє"; Value = "дДДДПЭ"; VariantName = "[No Variations]"
Added Component: Designator=U2(SOT23-6L)
Added Component: Designator=U3(SOT23-6L)
Added Component: Designator=U4(SOT23-6L)
Added Pin To Net: NetName=GND Pin=C9-2
Added Pin To Net: NetName=GND Pin=C11-1
Added Pin To Net: NetName=VCC12V Pin=C11-2
Added Pin To Net: NetName=GND Pin=C12-1
Added Pin To Net: NetName=VCC12V Pin=C12-2
Added Pin To Net: NetName=GND Pin=C14-2
Added Pin To Net: NetName=GND Pin=C15-2
Added Pin To Net: NetName=GND Pin=C16-2
Added Pin To Net: NetName=GND Pin=C18-1
Added Pin To Net: NetName=VCC12V Pin=C18-2
Added Pin To Net: NetName=GND Pin=C19-1
Added Pin To Net: NetName=VCC12V Pin=C19-2
Added Pin To Net: NetName=GND Pin=C21-2
Added Pin To Net: NetName=GND Pin=C22-2
Added Pin To Net: NetName=GND Pin=C23-2
Added Pin To Net: NetName=GND Pin=C25-1
Added Pin To Net: NetName=VCC12V Pin=C25-2
Added Pin To Net: NetName=GND Pin=C26-1
Added Pin To Net: NetName=VCC12V Pin=C26-2
Added Pin To Net: NetName=GND Pin=C28-2
Added Pin To Net: NetName=GND Pin=C29-2
Added Pin To Net: NetName=PERST# Pin=J2-A11
Added Pin To Net: NetName=RX0_P Pin=J2-A16
Added Pin To Net: NetName=RX0_N Pin=J2-A17
Added Pin To Net: NetName=RX1_P Pin=J2-A21
Added Pin To Net: NetName=RX1_N Pin=J2-A22
Added Pin To Net: NetName=RX2_P Pin=J2-A25
Added Pin To Net: NetName=RX2_N Pin=J2-A26
Added Pin To Net: NetName=RX3_P Pin=J2-A29
Added Pin To Net: NetName=RX3_N Pin=J2-A30
Added Pin To Net: NetName=TX0_P Pin=J2-B14
Added Pin To Net: NetName=TX0_N Pin=J2-B15
Added Pin To Net: NetName=TX1_P Pin=J2-B19
Added Pin To Net: NetName=TX1_N Pin=J2-B20
Added Pin To Net: NetName=TX2_P Pin=J2-B23
Added Pin To Net: NetName=TX2_N Pin=J2-B24
Added Pin To Net: NetName=TX3_P Pin=J2-B27
Added Pin To Net: NetName=TX3_N Pin=J2-B28
Added Pin To Net: NetName=GND Pin=J2-B32
Added Pin To Net: NetName=PERST# Pin=J4-A11
Added Pin To Net: NetName=REFCLK_2_P Pin=J4-A13
Added Pin To Net: NetName=REFCLK_2_N Pin=J4-A14
Added Pin To Net: NetName=PERST# Pin=J5-A11
Added Pin To Net: NetName=REFCLK_3_P Pin=J5-A13
Added Pin To Net: NetName=REFCLK_3_N Pin=J5-A14
Added Pin To Net: NetName=GND Pin=JP2-17
Added Pin To Net: NetName=GND Pin=JP2-18
Added Pin To Net: NetName=GND Pin=JP2-19
Added Pin To Net: NetName=GND Pin=JP2-20
Added Pin To Net: NetName=GND Pin=JP3-17
Added Pin To Net: NetName=GND Pin=JP3-18
Added Pin To Net: NetName=GND Pin=JP3-19
Added Pin To Net: NetName=GND Pin=JP3-20
Added Pin To Net: NetName=GND Pin=JP4-17
Added Pin To Net: NetName=GND Pin=JP4-18
Added Pin To Net: NetName=GND Pin=JP4-19
Added Pin To Net: NetName=GND Pin=JP4-20
Added Pin To Net: NetName=GND Pin=R17-1
Added Pin To Net: NetName=GND Pin=R18-2
Added Pin To Net: NetName=GND Pin=R19-2
Added Pin To Net: NetName=GND Pin=R21-2
Added Pin To Net: NetName=GND Pin=R23-2
Added Pin To Net: NetName=GND Pin=R25-2
Added Pin To Net: NetName=GND Pin=U2-1
Added Pin To Net: NetName=VCC12V Pin=U2-3
Added Pin To Net: NetName=GND Pin=U3-1
Added Pin To Net: NetName=VCC12V Pin=U3-3
Added Pin To Net: NetName=GND Pin=U4-1
Added Pin To Net: NetName=VCC12V Pin=U4-3
Added Pin To Net: NetName=NetC10_1 Pin=C10-1
Added Pin To Net: NetName=NetC10_1 Pin=U2-6
Added Net: Name=NetC10_1
Added Pin To Net: NetName=NetC10_2 Pin=C10-2
Added Pin To Net: NetName=NetC10_2 Pin=L1-1
Added Pin To Net: NetName=NetC10_2 Pin=U2-2
Added Net: Name=NetC10_2
Added Pin To Net: NetName=NetC13_1 Pin=C13-1
Added Pin To Net: NetName=NetC13_1 Pin=R20-2
Added Pin To Net: NetName=NetC13_1 Pin=R21-1
Added Pin To Net: NetName=NetC13_1 Pin=U2-4
Added Net: Name=NetC13_1
Added Pin To Net: NetName=NetC17_1 Pin=C17-1
Added Pin To Net: NetName=NetC17_1 Pin=U3-6
Added Net: Name=NetC17_1
Added Pin To Net: NetName=NetC17_2 Pin=C17-2
Added Pin To Net: NetName=NetC17_2 Pin=L2-1
Added Pin To Net: NetName=NetC17_2 Pin=U3-2
Added Net: Name=NetC17_2
Added Pin To Net: NetName=NetC20_1 Pin=C20-1
Added Pin To Net: NetName=NetC20_1 Pin=R22-2
Added Pin To Net: NetName=NetC20_1 Pin=R23-1
Added Pin To Net: NetName=NetC20_1 Pin=U3-4
Added Net: Name=NetC20_1
Added Pin To Net: NetName=NetC24_1 Pin=C24-1
Added Pin To Net: NetName=NetC24_1 Pin=U4-6
Added Net: Name=NetC24_1
Added Pin To Net: NetName=NetC24_2 Pin=C24-2
Added Pin To Net: NetName=NetC24_2 Pin=L3-1
Added Pin To Net: NetName=NetC24_2 Pin=U4-2
Added Net: Name=NetC24_2
Added Pin To Net: NetName=NetC27_1 Pin=C27-1
Added Pin To Net: NetName=NetC27_1 Pin=R24-2
Added Pin To Net: NetName=NetC27_1 Pin=R25-1
Added Pin To Net: NetName=NetC27_1 Pin=U4-4
Added Net: Name=NetC27_1
Added Pin To Net: NetName=NetJ2_A1 Pin=J2-A1
Added Pin To Net: NetName=NetJ2_A1 Pin=R17-2
Added Net: Name=NetJ2_A1
Added Pin To Net: NetName=NetJ2_B12 Pin=J2-B12
Added Pin To Net: NetName=NetJ2_B12 Pin=R18-1
Added Net: Name=NetJ2_B12
Added Pin To Net: NetName=NetJ2_B81 Pin=J2-B81
Added Pin To Net: NetName=NetJ2_B81 Pin=R19-1
Added Net: Name=NetJ2_B81
Added Pin To Net: NetName=NVME_CLKREQ# Pin=J3-B12
Added Pin To Net: NetName=NVME_CLKREQ# Pin=JP1-20
Added Net: Name=NVME_CLKREQ#
Added Pin To Net: NetName=NVME_PERST# Pin=J3-A11
Added Pin To Net: NetName=NVME_PERST# Pin=JP1-19
Added Net: Name=NVME_PERST#
Added Pin To Net: NetName=NVME_REFCLK_N Pin=J3-A14
Added Pin To Net: NetName=NVME_REFCLK_N Pin=JP1-17
Added Net: Name=NVME_REFCLK_N
Added Pin To Net: NetName=NVME_REFCLK_P Pin=J3-A13
Added Pin To Net: NetName=NVME_REFCLK_P Pin=JP1-18
Added Net: Name=NVME_REFCLK_P
Added Pin To Net: NetName=NVME_RX0_N Pin=J3-B15
Added Pin To Net: NetName=NVME_RX0_N Pin=JP1-13
Added Net: Name=NVME_RX0_N
Added Pin To Net: NetName=NVME_RX0_P Pin=J3-B14
Added Pin To Net: NetName=NVME_RX0_P Pin=JP1-14
Added Net: Name=NVME_RX0_P
Added Pin To Net: NetName=NVME_RX1_N Pin=J3-B20
Added Pin To Net: NetName=NVME_RX1_N Pin=JP1-9
Added Net: Name=NVME_RX1_N
Added Pin To Net: NetName=NVME_RX1_P Pin=J3-B19
Added Pin To Net: NetName=NVME_RX1_P Pin=JP1-10
Added Net: Name=NVME_RX1_P
Added Pin To Net: NetName=NVME_RX2_N Pin=J3-B24
Added Pin To Net: NetName=NVME_RX2_N Pin=JP1-5
Added Net: Name=NVME_RX2_N
Added Pin To Net: NetName=NVME_RX2_P Pin=J3-B23
Added Pin To Net: NetName=NVME_RX2_P Pin=JP1-6
Added Net: Name=NVME_RX2_P
Added Pin To Net: NetName=NVME_RX3_N Pin=J3-B27
Added Pin To Net: NetName=NVME_RX3_N Pin=JP1-2
Added Net: Name=NVME_RX3_N
Added Pin To Net: NetName=NVME_RX3_P Pin=J3-B28
Added Pin To Net: NetName=NVME_RX3_P Pin=JP1-1
Added Net: Name=NVME_RX3_P
Added Pin To Net: NetName=NVME_TX0_N Pin=J3-A17
Added Pin To Net: NetName=NVME_TX0_N Pin=JP1-15
Added Net: Name=NVME_TX0_N
Added Pin To Net: NetName=NVME_TX0_P Pin=J3-A16
Added Pin To Net: NetName=NVME_TX0_P Pin=JP1-16
Added Net: Name=NVME_TX0_P
Added Pin To Net: NetName=NVME_TX1_N Pin=J3-A22
Added Pin To Net: NetName=NVME_TX1_N Pin=JP1-11
Added Net: Name=NVME_TX1_N
Added Pin To Net: NetName=NVME_TX1_P Pin=J3-A21
Added Pin To Net: NetName=NVME_TX1_P Pin=JP1-12
Added Net: Name=NVME_TX1_P
Added Pin To Net: NetName=NVME_TX2_N Pin=J3-A26
Added Pin To Net: NetName=NVME_TX2_N Pin=JP1-7
Added Net: Name=NVME_TX2_N
Added Pin To Net: NetName=NVME_TX2_P Pin=J3-A25
Added Pin To Net: NetName=NVME_TX2_P Pin=JP1-8
Added Net: Name=NVME_TX2_P
Added Pin To Net: NetName=NVME_TX3_N Pin=J3-A30
Added Pin To Net: NetName=NVME_TX3_N Pin=JP1-3
Added Net: Name=NVME_TX3_N
Added Pin To Net: NetName=NVME_TX3_P Pin=J3-A29
Added Pin To Net: NetName=NVME_TX3_P Pin=JP1-4
Added Net: Name=NVME_TX3_P
Added Pin To Net: NetName=RX4_N Pin=J2-A36
Added Net: Name=RX4_N
Added Pin To Net: NetName=RX4_P Pin=J2-A35
Added Net: Name=RX4_P
Added Pin To Net: NetName=RX5_N Pin=J2-A40
Added Net: Name=RX5_N
Added Pin To Net: NetName=RX5_P Pin=J2-A39
Added Net: Name=RX5_P
Added Pin To Net: NetName=RX6_N Pin=J2-A44
Added Net: Name=RX6_N
Added Pin To Net: NetName=RX6_P Pin=J2-A43
Added Net: Name=RX6_P
Added Pin To Net: NetName=RX7_N Pin=J2-A48
Added Net: Name=RX7_N
Added Pin To Net: NetName=RX7_P Pin=J2-A47
Added Net: Name=RX7_P
Added Pin To Net: NetName=RX8_N Pin=J2-A53
Added Pin To Net: NetName=RX8_N Pin=J4-B15
Added Net: Name=RX8_N
Added Pin To Net: NetName=RX8_P Pin=J2-A52
Added Pin To Net: NetName=RX8_P Pin=J4-B14
Added Net: Name=RX8_P
Added Pin To Net: NetName=RX9_N Pin=J2-A57
Added Pin To Net: NetName=RX9_N Pin=J4-B20
Added Net: Name=RX9_N
Added Pin To Net: NetName=RX9_P Pin=J2-A56
Added Pin To Net: NetName=RX9_P Pin=J4-B19
Added Net: Name=RX9_P
Added Pin To Net: NetName=RX10_N Pin=J2-A61
Added Pin To Net: NetName=RX10_N Pin=J4-B24
Added Net: Name=RX10_N
Added Pin To Net: NetName=RX10_P Pin=J2-A60
Added Pin To Net: NetName=RX10_P Pin=J4-B23
Added Net: Name=RX10_P
Added Pin To Net: NetName=RX11_N Pin=J2-A65
Added Pin To Net: NetName=RX11_N Pin=J4-B28
Added Net: Name=RX11_N
Added Pin To Net: NetName=RX11_P Pin=J2-A64
Added Pin To Net: NetName=RX11_P Pin=J4-B27
Added Net: Name=RX11_P
Added Pin To Net: NetName=RX12_N Pin=J2-A69
Added Pin To Net: NetName=RX12_N Pin=J5-B15
Added Net: Name=RX12_N
Added Pin To Net: NetName=RX12_P Pin=J2-A68
Added Pin To Net: NetName=RX12_P Pin=J5-B14
Added Net: Name=RX12_P
Added Pin To Net: NetName=RX13_N Pin=J2-A73
Added Pin To Net: NetName=RX13_N Pin=J5-B20
Added Net: Name=RX13_N
Added Pin To Net: NetName=RX13_P Pin=J2-A72
Added Pin To Net: NetName=RX13_P Pin=J5-B19
Added Net: Name=RX13_P
Added Pin To Net: NetName=RX14_N Pin=J2-A77
Added Pin To Net: NetName=RX14_N Pin=J5-B24
Added Net: Name=RX14_N
Added Pin To Net: NetName=RX14_P Pin=J2-A76
Added Pin To Net: NetName=RX14_P Pin=J5-B23
Added Net: Name=RX14_P
Added Pin To Net: NetName=RX15_N Pin=J2-A81
Added Pin To Net: NetName=RX15_N Pin=J5-B28
Added Net: Name=RX15_N
Added Pin To Net: NetName=RX15_P Pin=J2-A80
Added Pin To Net: NetName=RX15_P Pin=J5-B27
Added Net: Name=RX15_P
Added Pin To Net: NetName=TX4_N Pin=J2-B34
Added Net: Name=TX4_N
Added Pin To Net: NetName=TX4_P Pin=J2-B33
Added Net: Name=TX4_P
Added Pin To Net: NetName=TX5_N Pin=J2-B38
Added Net: Name=TX5_N
Added Pin To Net: NetName=TX5_P Pin=J2-B37
Added Net: Name=TX5_P
Added Pin To Net: NetName=TX6_N Pin=J2-B42
Added Net: Name=TX6_N
Added Pin To Net: NetName=TX6_P Pin=J2-B41
Added Net: Name=TX6_P
Added Pin To Net: NetName=TX7_N Pin=J2-B46
Added Net: Name=TX7_N
Added Pin To Net: NetName=TX7_P Pin=J2-B45
Added Net: Name=TX7_P
Added Pin To Net: NetName=TX8_N Pin=J2-B51
Added Pin To Net: NetName=TX8_N Pin=J4-A17
Added Net: Name=TX8_N
Added Pin To Net: NetName=TX8_P Pin=J2-B50
Added Pin To Net: NetName=TX8_P Pin=J4-A16
Added Net: Name=TX8_P
Added Pin To Net: NetName=TX9_N Pin=J2-B55
Added Pin To Net: NetName=TX9_N Pin=J4-A22
Added Net: Name=TX9_N
Added Pin To Net: NetName=TX9_P Pin=J2-B54
Added Pin To Net: NetName=TX9_P Pin=J4-A21
Added Net: Name=TX9_P
Added Pin To Net: NetName=TX10_N Pin=J2-B59
Added Pin To Net: NetName=TX10_N Pin=J4-A26
Added Net: Name=TX10_N
Added Pin To Net: NetName=TX10_P Pin=J2-B58
Added Pin To Net: NetName=TX10_P Pin=J4-A25
Added Net: Name=TX10_P
Added Pin To Net: NetName=TX11_N Pin=J2-B63
Added Pin To Net: NetName=TX11_N Pin=J4-A30
Added Net: Name=TX11_N
Added Pin To Net: NetName=TX11_P Pin=J2-B62
Added Pin To Net: NetName=TX11_P Pin=J4-A29
Added Net: Name=TX11_P
Added Pin To Net: NetName=TX12_N Pin=J2-B67
Added Pin To Net: NetName=TX12_N Pin=J5-A17
Added Net: Name=TX12_N
Added Pin To Net: NetName=TX12_P Pin=J2-B66
Added Pin To Net: NetName=TX12_P Pin=J5-A16
Added Net: Name=TX12_P
Added Pin To Net: NetName=TX13_N Pin=J2-B71
Added Pin To Net: NetName=TX13_N Pin=J5-A22
Added Net: Name=TX13_N
Added Pin To Net: NetName=TX13_P Pin=J2-B70
Added Pin To Net: NetName=TX13_P Pin=J5-A21
Added Net: Name=TX13_P
Added Pin To Net: NetName=TX14_N Pin=J2-B75
Added Pin To Net: NetName=TX14_N Pin=J5-A26
Added Net: Name=TX14_N
Added Pin To Net: NetName=TX14_P Pin=J2-B74
Added Pin To Net: NetName=TX14_P Pin=J5-A25
Added Net: Name=TX14_P
Added Pin To Net: NetName=TX15_N Pin=J2-B79
Added Pin To Net: NetName=TX15_N Pin=J5-A30
Added Net: Name=TX15_N
Added Pin To Net: NetName=TX15_P Pin=J2-B78
Added Pin To Net: NetName=TX15_P Pin=J5-A29
Added Net: Name=TX15_P
Added Pin To Net: NetName=VCC3.3V-A Pin=C9-1
Added Pin To Net: NetName=VCC3.3V-A Pin=C13-2
Added Pin To Net: NetName=VCC3.3V-A Pin=C14-1
Added Pin To Net: NetName=VCC3.3V-A Pin=C15-1
Added Pin To Net: NetName=VCC3.3V-A Pin=L1-2
Added Pin To Net: NetName=VCC3.3V-A Pin=R20-1
Added Net: Name=VCC3.3V-A
Added Pin To Net: NetName=VCC3.3V-B Pin=C16-1
Added Pin To Net: NetName=VCC3.3V-B Pin=C20-2
Added Pin To Net: NetName=VCC3.3V-B Pin=C21-1
Added Pin To Net: NetName=VCC3.3V-B Pin=C22-1
Added Pin To Net: NetName=VCC3.3V-B Pin=L2-2
Added Pin To Net: NetName=VCC3.3V-B Pin=R22-1
Added Net: Name=VCC3.3V-B
Added Pin To Net: NetName=VCC3.3V-C Pin=C23-1
Added Pin To Net: NetName=VCC3.3V-C Pin=C27-2
Added Pin To Net: NetName=VCC3.3V-C Pin=C28-1
Added Pin To Net: NetName=VCC3.3V-C Pin=C29-1
Added Pin To Net: NetName=VCC3.3V-C Pin=L3-2
Added Pin To Net: NetName=VCC3.3V-C Pin=R24-1
Added Net: Name=VCC3.3V-C
Change Class Name : Old Net Name=Sheet New Net Name=main
Added Class: Name=PWR
Added Class: Name=PWR
Added Differential Pair: Name=REFCLK
Added Differential Pair: Name=RX0
Added Differential Pair: Name=RX1
Added Differential Pair: Name=RX2
Added Differential Pair: Name=RX3
Added Differential Pair: Name=RX4
Added Differential Pair: Name=RX5
Added Differential Pair: Name=RX6
Added Differential Pair: Name=RX7
Added Differential Pair: Name=RX8
Added Differential Pair: Name=RX9
Added Differential Pair: Name=RX10
Added Differential Pair: Name=RX11
Added Differential Pair: Name=RX12
Added Differential Pair: Name=RX13
Added Differential Pair: Name=RX14
Added Differential Pair: Name=RX15
Added Differential Pair: Name=TX0
Added Differential Pair: Name=TX1
Added Differential Pair: Name=TX2
Added Differential Pair: Name=TX3
Added Differential Pair: Name=TX4
Added Differential Pair: Name=TX5
Added Differential Pair: Name=TX6
Added Differential Pair: Name=TX7
Added Differential Pair: Name=TX8
Added Differential Pair: Name=TX9
Added Differential Pair: Name=TX10
Added Differential Pair: Name=TX11
Added Differential Pair: Name=TX12
Added Differential Pair: Name=TX13
Added Differential Pair: Name=TX14
Added Differential Pair: Name=TX15
Added Member To Class: ClassName=main Member=Component R17 4.7K 5%
Added Member To Class: ClassName=main Member=Component R18 4.7K 5%
Added Member To Class: ClassName=main Member=Component R19 4.7K 5%
