Removed Pin From Net: NetName=VCC12V Pin=J3-A2
Removed Pin From Net: NetName=VCC12V Pin=J3-A3
Removed Pin From Net: NetName=VCC12V Pin=J3-B1
Removed Pin From Net: NetName=VCC12V Pin=J3-B2
Removed Pin From Net: NetName=VCC12V Pin=J3-B3
Removed Pin From Net: NetName=VCC12V Pin=J4-A2
Removed Pin From Net: NetName=VCC12V Pin=J4-A3
Removed Pin From Net: NetName=VCC12V Pin=J4-B1
Removed Pin From Net: NetName=VCC12V Pin=J4-B2
Removed Pin From Net: NetName=VCC12V Pin=J4-B3
Removed Pin From Net: NetName=VCC12V Pin=J5-A2
Removed Pin From Net: NetName=VCC12V Pin=J5-A3
Removed Pin From Net: NetName=VCC12V Pin=J5-B1
Removed Pin From Net: NetName=VCC12V Pin=J5-B2
Removed Pin From Net: NetName=VCC12V Pin=J5-B3
Added Pin To Net: NetName=VCC3.3V-C Pin=J3-A9
Added Pin To Net: NetName=VCC3.3V-C Pin=J3-A10
Added Pin To Net: NetName=VCC3.3V-C Pin=J3-B8
Added Pin To Net: NetName=VCC3.3V-A Pin=J4-A9
Added Pin To Net: NetName=VCC3.3V-A Pin=J4-A10
Added Pin To Net: NetName=VCC3.3V-A Pin=J4-B8
Added Pin To Net: NetName=VCC3.3V-B Pin=J5-A9
Added Pin To Net: NetName=VCC3.3V-B Pin=J5-A10
Added Pin To Net: NetName=VCC3.3V-B Pin=J5-B8
