Added Pin To Net: NetName=GND Pin=J1-1
Added Pin To Net: NetName=GND Pin=J1-3
Added Pin To Net: NetName=GND Pin=J1-9
Added Pin To Net: NetName=GND Pin=J1-15
Added Pin To Net: NetName=GND Pin=J1-21
Added Pin To Net: NetName=GND Pin=J1-27
Added Pin To Net: NetName=GND Pin=J1-33
Added Pin To Net: NetName=GND Pin=J1-39
Added Pin To Net: NetName=GND Pin=J1-45
Added Pin To Net: NetName=GND Pin=J1-51
Added Pin To Net: NetName=GND Pin=J1-57
Added Pin To Net: NetName=GND Pin=J1-71
Added Pin To Net: NetName=GND Pin=J1-73
Added Pin To Net: NetName=GND Pin=J1-75
Added Net: Name=GND
Added Pin To Net: NetName=PERST# Pin=J1-50
Added Net: Name=PERST#
Added Pin To Net: NetName=REFCLK_N Pin=J1-53
Added Net: Name=REFCLK_N
Added Pin To Net: NetName=REFCLK_P Pin=J1-55
Added Net: Name=REFCLK_P
Added Pin To Net: NetName=RX0_N Pin=J1-41
Added Net: Name=RX0_N
Added Pin To Net: NetName=RX0_P Pin=J1-43
Added Net: Name=RX0_P
Added Pin To Net: NetName=RX1_N Pin=J1-29
Added Net: Name=RX1_N
Added Pin To Net: NetName=RX1_P Pin=J1-31
Added Net: Name=RX1_P
Added Pin To Net: NetName=RX2_N Pin=J1-17
Added Net: Name=RX2_N
Added Pin To Net: NetName=RX2_P Pin=J1-19
Added Net: Name=RX2_P
Added Pin To Net: NetName=RX3_N Pin=J1-7
Added Net: Name=RX3_N
Added Pin To Net: NetName=RX3_P Pin=J1-5
Added Net: Name=RX3_P
Added Pin To Net: NetName=TX0_N Pin=J1-47
Added Net: Name=TX0_N
Added Pin To Net: NetName=TX0_P Pin=J1-49
Added Net: Name=TX0_P
Added Pin To Net: NetName=TX1_N Pin=J1-35
Added Net: Name=TX1_N
Added Pin To Net: NetName=TX1_P Pin=J1-37
Added Net: Name=TX1_P
Added Pin To Net: NetName=TX2_N Pin=J1-23
Added Net: Name=TX2_N
Added Pin To Net: NetName=TX2_P Pin=J1-25
Added Net: Name=TX2_P
Added Pin To Net: NetName=TX3_N Pin=J1-11
Added Net: Name=TX3_N
Added Pin To Net: NetName=TX3_P Pin=J1-13
Added Net: Name=TX3_P
Added Pin To Net: NetName=VCC3.3V Pin=J1-2
Added Pin To Net: NetName=VCC3.3V Pin=J1-4
Added Pin To Net: NetName=VCC3.3V Pin=J1-12
Added Pin To Net: NetName=VCC3.3V Pin=J1-14
Added Pin To Net: NetName=VCC3.3V Pin=J1-16
Added Pin To Net: NetName=VCC3.3V Pin=J1-18
Added Pin To Net: NetName=VCC3.3V Pin=J1-70
Added Pin To Net: NetName=VCC3.3V Pin=J1-72
Added Pin To Net: NetName=VCC3.3V Pin=J1-74
Added Net: Name=VCC3.3V
Added Pin To Net: NetName=WAKE# Pin=J1-54
Added Net: Name=WAKE#
Added Differential Pair: Name=REFCLK
