Removed Pin From Net: NetName=WAKE# Pin=JP1-1
Removed Pin From Net: NetName=PERST# Pin=JP1-2
Removed Pin From Net: NetName=REFCLK_P Pin=JP1-3
Removed Pin From Net: NetName=REFCLK_N Pin=JP1-4
Removed Pin From Net: NetName=TX0_P Pin=JP1-5
Removed Pin From Net: NetName=TX0_N Pin=JP1-6
Removed Pin From Net: NetName=RX0_P Pin=JP1-7
Removed Pin From Net: NetName=RX0_N Pin=JP1-8
Removed Pin From Net: NetName=TX1_P Pin=JP1-9
Removed Pin From Net: NetName=TX1_N Pin=JP1-10
Removed Pin From Net: NetName=RX1_P Pin=JP1-11
Removed Pin From Net: NetName=RX1_N Pin=JP1-12
Removed Pin From Net: NetName=TX2_P Pin=JP1-13
Removed Pin From Net: NetName=TX2_N Pin=JP1-14
Removed Pin From Net: NetName=RX2_P Pin=JP1-15
Removed Pin From Net: NetName=RX2_N Pin=JP1-16
Removed Pin From Net: NetName=TX3_P Pin=JP1-17
Removed Pin From Net: NetName=TX3_N Pin=JP1-18
Removed Pin From Net: NetName=RX3_N Pin=JP1-19
Removed Pin From Net: NetName=RX3_P Pin=JP1-20
Change Component Comment : Designator=JP1 Old Comment=FPC1.0-20P New Comment=FPC1.0-24P
Add Pin To Net: Unknown Pin: Pin J1-S1
Add Pin To Net: Unknown Pin: Pin J1-S2
Added Pin To Net: NetName=WAKE# Pin=JP1-5
Added Pin To Net: NetName=PERST# Pin=JP1-6
Added Pin To Net: NetName=REFCLK_P Pin=JP1-7
Added Pin To Net: NetName=REFCLK_N Pin=JP1-8
Added Pin To Net: NetName=TX0_P Pin=JP1-9
Added Pin To Net: NetName=TX0_N Pin=JP1-10
Added Pin To Net: NetName=RX0_P Pin=JP1-11
Added Pin To Net: NetName=RX0_N Pin=JP1-12
Added Pin To Net: NetName=TX1_P Pin=JP1-13
Added Pin To Net: NetName=TX1_N Pin=JP1-14
Added Pin To Net: NetName=RX1_P Pin=JP1-15
Added Pin To Net: NetName=RX1_N Pin=JP1-16
Added Pin To Net: NetName=TX2_P Pin=JP1-17
Added Pin To Net: NetName=TX2_N Pin=JP1-18
Added Pin To Net: NetName=RX2_P Pin=JP1-19
Added Pin To Net: NetName=RX2_N Pin=JP1-20
Added Pin To Net: NetName=TX3_P Pin=JP1-21
Added Pin To Net: NetName=TX3_N Pin=JP1-22
Added Pin To Net: NetName=RX3_N Pin=JP1-23
Added Pin To Net: NetName=RX3_P Pin=JP1-24
