Added Pin To Net: NetName=EN-LM5143 Pin=JP1-16
Added Net: Name=EN-LM5143
Added Pin To Net: NetName=INA226-A Pin=JP1-2
Added Net: Name=INA226-A
Added Pin To Net: NetName=INA226-B Pin=JP1-14
Added Net: Name=INA226-B
Added Pin To Net: NetName=PGND Pin=JP1-1
Added Pin To Net: NetName=PGND Pin=JP1-3
Added Pin To Net: NetName=PGND Pin=JP1-5
Added Pin To Net: NetName=PGND Pin=JP1-7
Added Pin To Net: NetName=PGND Pin=JP2-1
Added Pin To Net: NetName=PGND Pin=JP2-2
Added Pin To Net: NetName=PGND Pin=JP2-3
Added Pin To Net: NetName=PGND Pin=JP2-4
Added Pin To Net: NetName=PGND Pin=JP2-5
Added Pin To Net: NetName=PGND Pin=JP2-6
Added Pin To Net: NetName=PGND Pin=JP2-7
Added Pin To Net: NetName=PGND Pin=JP2-8
Added Pin To Net: NetName=PGND Pin=JP3-1
Added Pin To Net: NetName=PGND Pin=JP3-2
Added Pin To Net: NetName=PGND Pin=JP3-3
Added Pin To Net: NetName=PGND Pin=JP3-4
Added Pin To Net: NetName=PGND Pin=JP3-5
Added Pin To Net: NetName=PGND Pin=JP3-6
Added Pin To Net: NetName=PGND Pin=JP3-7
Added Pin To Net: NetName=PGND Pin=JP3-8
Added Net: Name=PGND
Added Pin To Net: NetName=VBUS Pin=JP1-4
Added Pin To Net: NetName=VBUS Pin=JP1-6
Added Pin To Net: NetName=VBUS Pin=JP1-8
Added Pin To Net: NetName=VBUS Pin=JP1-10
Added Pin To Net: NetName=VBUS Pin=JP1-12
Added Net: Name=VBUS
Added Pin To Net: NetName=VOUT12V Pin=JP1-9
Added Pin To Net: NetName=VOUT12V Pin=JP1-11
Added Pin To Net: NetName=VOUT12V Pin=JP1-13
Added Pin To Net: NetName=VOUT12V Pin=JP1-15
Added Pin To Net: NetName=VOUT12V Pin=JP2-9
Added Pin To Net: NetName=VOUT12V Pin=JP2-10
Added Pin To Net: NetName=VOUT12V Pin=JP2-11
Added Pin To Net: NetName=VOUT12V Pin=JP2-12
Added Pin To Net: NetName=VOUT12V Pin=JP2-13
Added Pin To Net: NetName=VOUT12V Pin=JP2-14
Added Pin To Net: NetName=VOUT12V Pin=JP2-15
Added Pin To Net: NetName=VOUT12V Pin=JP2-16
Added Pin To Net: NetName=VOUT12V Pin=JP3-9
Added Pin To Net: NetName=VOUT12V Pin=JP3-10
Added Pin To Net: NetName=VOUT12V Pin=JP3-11
Added Pin To Net: NetName=VOUT12V Pin=JP3-12
Added Pin To Net: NetName=VOUT12V Pin=JP3-13
Added Pin To Net: NetName=VOUT12V Pin=JP3-14
Added Pin To Net: NetName=VOUT12V Pin=JP3-15
Added Pin To Net: NetName=VOUT12V Pin=JP3-16
Added Net: Name=VOUT12V
Added Class: Name=Connector
