Removed Pin From Net: NetName=PGND Pin=E1-2
Removed Pin From Net: NetName=VCC12V Pin=E2-1
Removed Pin From Net: NetName=PGND Pin=E2-2
Removed Pin From Net: NetName=REFCLK_N Pin=J2-55
Removed Member From Class: ClassName=Sheet1 Member=E1
Removed Member From Class: ClassName=Sheet1 Member=E2
Change Component Footprint: Designator=J1 Old Footprint=PCIe Gen4 X4 ЬљЦЌ New Footprint=PCIEDGE_X4-A
Change Component Comment : Designator=L1 Old Comment=0.68uH New Comment=2.2uH
Change Component Comment : Designator=R3 Old Comment=2MR 1% New Comment=100k 1%
Change Component Comment : Designator=C2 Old Comment=10uF 50V New Comment=10uF 35V
Added Component: Designator=C8(C1206_l)
Add component (AddParameter): Name = "BOMУћГЦ"; Value = "ЮоМЋадЬљЦЌЕчШн"; VariantName = "[No Variations]"
Add component (AddParameter): Name = "бЇЯАзЪдД"; Value = "www.ooocke.com"; VariantName = "[No Variations]"
Add component (AddParameter): Name = "ВФжЪ"; Value = "X7R"; VariantName = "[No Variations]"
Add component (AddParameter): Name = "АцШЈЙщЪє"; Value = "дДДДПЭ"; VariantName = "[No Variations]"
Added Component: Designator=C9(C1206_l)
Add component (AddParameter): Name = "BOMУћГЦ"; Value = "ЮоМЋадЬљЦЌЕчШн"; VariantName = "[No Variations]"
Add component (AddParameter): Name = "бЇЯАзЪдД"; Value = "www.ooocke.com"; VariantName = "[No Variations]"
Add component (AddParameter): Name = "ВФжЪ"; Value = "X7R"; VariantName = "[No Variations]"
Add component (AddParameter): Name = "АцШЈЙщЪє"; Value = "дДДДПЭ"; VariantName = "[No Variations]"
Added Component: Designator=C10(C1206_l)
Add component (AddParameter): Name = "BOMУћГЦ"; Value = "ЮоМЋадЬљЦЌЕчШн"; VariantName = "[No Variations]"
Add component (AddParameter): Name = "бЇЯАзЪдД"; Value = "www.ooocke.com"; VariantName = "[No Variations]"
Add component (AddParameter): Name = "ВФжЪ"; Value = "X7R"; VariantName = "[No Variations]"
Add component (AddParameter): Name = "АцШЈЙщЪє"; Value = "дДДДПЭ"; VariantName = "[No Variations]"
Added Component: Designator=C11(C1206_l)
Add component (AddParameter): Name = "BOMУћГЦ"; Value = "ЮоМЋадЬљЦЌЕчШн"; VariantName = "[No Variations]"
Add component (AddParameter): Name = "бЇЯАзЪдД"; Value = "www.ooocke.com"; VariantName = "[No Variations]"
Add component (AddParameter): Name = "ВФжЪ"; Value = "X7R"; VariantName = "[No Variations]"
Add component (AddParameter): Name = "АцШЈЙщЪє"; Value = "дДДДПЭ"; VariantName = "[No Variations]"
Added Pin To Net: NetName=VCC3V3 Pin=C4-2
Added Pin To Net: NetName=VCC3V3 Pin=C5-2
Added Pin To Net: NetName=PGND Pin=C8-1
Added Pin To Net: NetName=VCC3V3 Pin=C8-2
Added Pin To Net: NetName=PGND Pin=C9-1
Added Pin To Net: NetName=VCC3V3 Pin=C9-2
Added Pin To Net: NetName=PGND Pin=C10-1
Added Pin To Net: NetName=VCC12V Pin=C10-2
Added Pin To Net: NetName=PGND Pin=C11-1
Added Pin To Net: NetName=VCC12V Pin=C11-2
Added Pin To Net: NetName=VCC12V Pin=J1-A2
Added Pin To Net: NetName=VCC12V Pin=J1-A3
Added Pin To Net: NetName=GND Pin=J1-A4
Added Pin To Net: NetName=PERST# Pin=J1-A11
Added Pin To Net: NetName=GND Pin=J1-A12
Added Pin To Net: NetName=REFCLK_N Pin=J1-A14
Added Pin To Net: NetName=GND Pin=J1-A15
Added Pin To Net: NetName=GND Pin=J1-A18
Added Pin To Net: NetName=GND Pin=J1-A20
Added Pin To Net: NetName=GND Pin=J1-A23
Added Pin To Net: NetName=GND Pin=J1-A24
Added Pin To Net: NetName=GND Pin=J1-A27
Added Pin To Net: NetName=GND Pin=J1-A28
Added Pin To Net: NetName=GND Pin=J1-A31
Added Pin To Net: NetName=VCC12V Pin=J1-B1
Added Pin To Net: NetName=VCC12V Pin=J1-B2
Added Pin To Net: NetName=VCC12V Pin=J1-B3
Added Pin To Net: NetName=GND Pin=J1-B4
Added Pin To Net: NetName=GND Pin=J1-B7
Added Pin To Net: NetName=GND Pin=J1-B13
Added Pin To Net: NetName=GND Pin=J1-B16
Added Pin To Net: NetName=GND Pin=J1-B18
Added Pin To Net: NetName=GND Pin=J1-B21
Added Pin To Net: NetName=GND Pin=J1-B22
Added Pin To Net: NetName=GND Pin=J1-B25
Added Pin To Net: NetName=GND Pin=J1-B26
Added Pin To Net: NetName=GND Pin=J1-B29
Added Pin To Net: NetName=GND Pin=J1-B32
Add Pin To Net: Unknown Pin: Pin J1-SH1
Add Pin To Net: Unknown Pin: Pin J1-SH2
Added Pin To Net: NetName=VCC3V3 Pin=L1-1
Added Pin To Net: NetName=VCC3V3 Pin=R2-2
Add Pin To Net: Unknown Pin: Pin U1-8
Add Pin To Net: Unknown Pin: Pin U1-9
Add Pin To Net: Unknown Pin: Pin U1-10
Add Pin To Net: Unknown Pin: Pin U1-11
Change Net Name : Old Net Name=VCC3V3 New Net Name=VCC3.3V
Added Pin To Net: NetName=REFCLK_P Pin=J1-A13
Added Pin To Net: NetName=REFCLK_P Pin=J2-55
Added Net: Name=REFCLK_P
Added Pin To Net: NetName=RX0_N Pin=J1-B15
Added Pin To Net: NetName=RX0_N Pin=J2-41
Added Net: Name=RX0_N
Added Pin To Net: NetName=RX0_P Pin=J1-B14
Added Pin To Net: NetName=RX0_P Pin=J2-43
Added Net: Name=RX0_P
Added Pin To Net: NetName=RX1_N Pin=J1-B20
Added Pin To Net: NetName=RX1_N Pin=J2-29
Added Net: Name=RX1_N
Added Pin To Net: NetName=RX1_P Pin=J1-B19
Added Pin To Net: NetName=RX1_P Pin=J2-31
Added Net: Name=RX1_P
Added Pin To Net: NetName=RX2_N Pin=J1-B24
Added Pin To Net: NetName=RX2_N Pin=J2-17
Added Net: Name=RX2_N
Added Pin To Net: NetName=RX2_P Pin=J1-B23
Added Pin To Net: NetName=RX2_P Pin=J2-19
Added Net: Name=RX2_P
Added Pin To Net: NetName=RX3_N Pin=J1-B28
Added Pin To Net: NetName=RX3_N Pin=J2-7
Added Net: Name=RX3_N
Added Pin To Net: NetName=RX3_P Pin=J1-B27
Added Pin To Net: NetName=RX3_P Pin=J2-5
Added Net: Name=RX3_P
Added Pin To Net: NetName=TX0_N Pin=J1-A17
Added Pin To Net: NetName=TX0_N Pin=J2-47
Added Net: Name=TX0_N
Added Pin To Net: NetName=TX0_P Pin=J1-A16
Added Pin To Net: NetName=TX0_P Pin=J2-49
Added Net: Name=TX0_P
Added Pin To Net: NetName=TX1_N Pin=J1-A22
Added Pin To Net: NetName=TX1_N Pin=J2-35
Added Net: Name=TX1_N
Added Pin To Net: NetName=TX1_P Pin=J1-A21
Added Pin To Net: NetName=TX1_P Pin=J2-37
Added Net: Name=TX1_P
Added Pin To Net: NetName=TX2_N Pin=J1-A26
Added Pin To Net: NetName=TX2_N Pin=J2-23
Added Net: Name=TX2_N
Added Pin To Net: NetName=TX2_P Pin=J1-A25
Added Pin To Net: NetName=TX2_P Pin=J2-25
Added Net: Name=TX2_P
Added Pin To Net: NetName=TX3_N Pin=J1-A30
Added Pin To Net: NetName=TX3_N Pin=J2-11
Added Net: Name=TX3_N
Added Pin To Net: NetName=TX3_P Pin=J1-A29
Added Pin To Net: NetName=TX3_P Pin=J2-13
Added Net: Name=TX3_P
Added Pin To Net: NetName=WAKE# Pin=J1-B11
Added Pin To Net: NetName=WAKE# Pin=J2-54
Added Net: Name=WAKE#
Added Differential Pair: Name=REFCLK
Added Member To Class: ClassName=Sheet1 Member=Component C8 47uF 10V
Added Member To Class: ClassName=Sheet1 Member=Component C9 47uF 10V
Added Member To Class: ClassName=Sheet1 Member=Component C10 22uF 35V
Added Member To Class: ClassName=Sheet1 Member=Component C11 22uF 35V
