Added Component: Designator=C1(C0603_l)
Add component (AddParameter): Name = "BOM名称"; Value = "无极性贴片电容"; VariantName = "[No Variations]"
Add component (AddParameter): Name = "学习资源"; Value = "www.ooocke.com"; VariantName = "[No Variations]"
Add component (AddParameter): Name = "材质"; Value = "X7R"; VariantName = "[No Variations]"
Add component (AddParameter): Name = "版权归属"; Value = "源创客"; VariantName = "[No Variations]"
Added Component: Designator=C2(C0603_l)
Add component (AddParameter): Name = "BOM名称"; Value = "无极性贴片电容"; VariantName = "[No Variations]"
Add component (AddParameter): Name = "学习资源"; Value = "www.ooocke.com"; VariantName = "[No Variations]"
Add component (AddParameter): Name = "材质"; Value = "X7R"; VariantName = "[No Variations]"
Add component (AddParameter): Name = "版权归属"; Value = "源创客"; VariantName = "[No Variations]"
Added Component: Designator=C3(C0603_l)
Add component (AddParameter): Name = "BOM名称"; Value = "无极性贴片电容"; VariantName = "[No Variations]"
Add component (AddParameter): Name = "学习资源"; Value = "www.ooocke.com"; VariantName = "[No Variations]"
Add component (AddParameter): Name = "材质"; Value = "X7R"; VariantName = "[No Variations]"
Add component (AddParameter): Name = "版权归属"; Value = "源创客"; VariantName = "[No Variations]"
Added Component: Designator=C4(C0603_l)
Add component (AddParameter): Name = "BOM名称"; Value = "无极性贴片电容"; VariantName = "[No Variations]"
Add component (AddParameter): Name = "学习资源"; Value = "www.ooocke.com"; VariantName = "[No Variations]"
Add component (AddParameter): Name = "材质"; Value = "X7R"; VariantName = "[No Variations]"
Add component (AddParameter): Name = "版权归属"; Value = "源创客"; VariantName = "[No Variations]"
Added Component: Designator=C5(C0603_l)
Add component (AddParameter): Name = "BOM名称"; Value = "无极性贴片电容"; VariantName = "[No Variations]"
Add component (AddParameter): Name = "学习资源"; Value = "www.ooocke.com"; VariantName = "[No Variations]"
Add component (AddParameter): Name = "材质"; Value = "X7R"; VariantName = "[No Variations]"
Add component (AddParameter): Name = "版权归属"; Value = "源创客"; VariantName = "[No Variations]"
Added Component: Designator=C6(C0603_l)
Add component (AddParameter): Name = "BOM名称"; Value = "无极性贴片电容"; VariantName = "[No Variations]"
Add component (AddParameter): Name = "学习资源"; Value = "www.ooocke.com"; VariantName = "[No Variations]"
Add component (AddParameter): Name = "材质"; Value = "X7R"; VariantName = "[No Variations]"
Add component (AddParameter): Name = "版权归属"; Value = "源创客"; VariantName = "[No Variations]"
Added Component: Designator=C7(C0603_l)
Add component (AddParameter): Name = "BOM名称"; Value = "无极性贴片电容"; VariantName = "[No Variations]"
Add component (AddParameter): Name = "学习资源"; Value = "www.ooocke.com"; VariantName = "[No Variations]"
Add component (AddParameter): Name = "材质"; Value = "X7R"; VariantName = "[No Variations]"
Add component (AddParameter): Name = "版权归属"; Value = "源创客"; VariantName = "[No Variations]"
Added Component: Designator=E1(CT 6*6 - V)
Add component (AddParameter): Name = "BOM名称"; Value = "直插电解电容"; VariantName = "[No Variations]"
Add component (AddParameter): Name = "学习资源"; Value = "www.ooocke.com"; VariantName = "[No Variations]"
Add component (AddParameter): Name = "版权归属"; Value = "源创客"; VariantName = "[No Variations]"
Added Component: Designator=E2(CT 6*6 - V)
Add component (AddParameter): Name = "BOM名称"; Value = "直插电解电容"; VariantName = "[No Variations]"
Add component (AddParameter): Name = "学习资源"; Value = "www.ooocke.com"; VariantName = "[No Variations]"
Add component (AddParameter): Name = "版权归属"; Value = "源创客"; VariantName = "[No Variations]"
Added Component: Designator=J1(PCIe Gen4 X4 贴片)
Added Component: Designator=J2(M.2接口 4.2H)
Add component (AddParameter): Name = "Availability"; Value = "Unavailable"; VariantName = "[No Variations]"
Add component (AddParameter): Name = "MF"; Value = "Amphenol ICC (FCI)"; VariantName = "[No Variations]"
Add component (AddParameter): Name = "MP"; Value = "MDT420M01002"; VariantName = "[No Variations]"
Add component (AddParameter): Name = "Package"; Value = "None"; VariantName = "[No Variations]"
Add component (AddParameter): Name = "Price"; Value = "None"; VariantName = "[No Variations]"
Add component (AddParameter): Name = "Value"; Value = ""; VariantName = "[No Variations]"
Added Component: Designator=L1(NR6028)
Add component (AddParameter): Name = "BOM名称"; Value = "小功率贴片电感"; VariantName = "[No Variations]"
Add component (AddParameter): Name = "学习资源"; Value = "www.ooocke.com"; VariantName = "[No Variations]"
Add component (AddParameter): Name = "版权归属"; Value = "源创客"; VariantName = "[No Variations]"
Added Component: Designator=R1(R 0603_L)
Add component (AddParameter): Name = "BOM名称"; Value = "贴片电阻"; VariantName = "[No Variations]"
Add component (AddParameter): Name = "学习资源"; Value = "www.ooocke.com"; VariantName = "[No Variations]"
Add component (AddParameter): Name = "版权归属"; Value = "源创客"; VariantName = "[No Variations]"
Added Component: Designator=R2(R 0603_L)
Add component (AddParameter): Name = "BOM名称"; Value = "贴片电阻"; VariantName = "[No Variations]"
Add component (AddParameter): Name = "学习资源"; Value = "www.ooocke.com"; VariantName = "[No Variations]"
Add component (AddParameter): Name = "版权归属"; Value = "源创客"; VariantName = "[No Variations]"
Added Component: Designator=R3(R 0603_L)
Add component (AddParameter): Name = "BOM名称"; Value = "贴片电阻"; VariantName = "[No Variations]"
Add component (AddParameter): Name = "学习资源"; Value = "www.ooocke.com"; VariantName = "[No Variations]"
Add component (AddParameter): Name = "版权归属"; Value = "源创客"; VariantName = "[No Variations]"
Added Component: Designator=U1(TQFN-23_L4.0-W4.0-P0.50-BL_GS9238TQ-R)
Added Pin To Net: NetName=AGND-1 Pin=R1-1
Added Pin To Net: NetName=AGND-1 Pin=U1-4
Added Net: Name=AGND-1
Added Pin To Net: NetName=ENABLE Pin=U1-2
Added Net: Name=ENABLE
Added Pin To Net: NetName=GND Pin=J2-1
Added Pin To Net: NetName=GND Pin=J2-3
Added Pin To Net: NetName=GND Pin=J2-9
Added Pin To Net: NetName=GND Pin=J2-15
Added Pin To Net: NetName=GND Pin=J2-21
Added Pin To Net: NetName=GND Pin=J2-27
Added Pin To Net: NetName=GND Pin=J2-33
Added Pin To Net: NetName=GND Pin=J2-39
Added Pin To Net: NetName=GND Pin=J2-45
Added Pin To Net: NetName=GND Pin=J2-51
Added Pin To Net: NetName=GND Pin=J2-57
Added Pin To Net: NetName=GND Pin=J2-71
Added Pin To Net: NetName=GND Pin=J2-73
Added Pin To Net: NetName=GND Pin=J2-75
Added Pin To Net: NetName=GND Pin=J2-S1
Added Pin To Net: NetName=GND Pin=J2-S2
Added Net: Name=GND
Added Pin To Net: NetName=NetC1_1 Pin=C1-1
Added Pin To Net: NetName=NetC1_1 Pin=L1-2
Added Pin To Net: NetName=NetC1_1 Pin=U1-16
Added Pin To Net: NetName=NetC1_1 Pin=U1-17
Added Pin To Net: NetName=NetC1_1 Pin=U1-18
Added Pin To Net: NetName=NetC1_1 Pin=U1-25
Added Net: Name=NetC1_1
Added Pin To Net: NetName=NetC1_2 Pin=C1-2
Added Pin To Net: NetName=NetC1_2 Pin=U1-20
Added Net: Name=NetC1_2
Added Pin To Net: NetName=NetC2_1 Pin=C2-1
Added Pin To Net: NetName=NetC2_1 Pin=U1-21
Added Net: Name=NetC2_1
Added Pin To Net: NetName=NetC3_1 Pin=C3-1
Added Pin To Net: NetName=NetC3_1 Pin=U1-23
Added Net: Name=NetC3_1
Added Pin To Net: NetName=NetR1_2 Pin=R1-2
Added Pin To Net: NetName=NetR1_2 Pin=R2-1
Added Pin To Net: NetName=NetR1_2 Pin=U1-5
Added Net: Name=NetR1_2
Added Pin To Net: NetName=NetR3_2 Pin=R3-2
Added Pin To Net: NetName=NetR3_2 Pin=U1-6
Added Net: Name=NetR3_2
Added Pin To Net: NetName=PERST# Pin=J2-50
Added Net: Name=PERST#
Added Pin To Net: NetName=PGND Pin=C2-2
Added Pin To Net: NetName=PGND Pin=C3-2
Added Pin To Net: NetName=PGND Pin=C4-1
Added Pin To Net: NetName=PGND Pin=C5-1
Added Pin To Net: NetName=PGND Pin=C6-1
Added Pin To Net: NetName=PGND Pin=C7-1
Added Pin To Net: NetName=PGND Pin=E1-2
Added Pin To Net: NetName=PGND Pin=E2-2
Added Pin To Net: NetName=PGND Pin=U1-12
Added Pin To Net: NetName=PGND Pin=U1-13
Added Pin To Net: NetName=PGND Pin=U1-14
Added Pin To Net: NetName=PGND Pin=U1-15
Added Pin To Net: NetName=PGND Pin=U1-19
Added Net: Name=PGND
Added Pin To Net: NetName=REFCLK_N Pin=J2-53
Added Pin To Net: NetName=REFCLK_N Pin=J2-55
Added Net: Name=REFCLK_N
Added Pin To Net: NetName=RX12_N Pin=J2-41
Added Net: Name=RX12_N
Added Pin To Net: NetName=RX12_P Pin=J2-43
Added Net: Name=RX12_P
Added Pin To Net: NetName=RX13_N Pin=J2-29
Added Net: Name=RX13_N
Added Pin To Net: NetName=RX13_P Pin=J2-31
Added Net: Name=RX13_P
Added Pin To Net: NetName=RX14_N Pin=J2-17
Added Net: Name=RX14_N
Added Pin To Net: NetName=RX14_P Pin=J2-19
Added Net: Name=RX14_P
Added Pin To Net: NetName=RX15_N Pin=J2-7
Added Net: Name=RX15_N
Added Pin To Net: NetName=RX15_P Pin=J2-5
Added Net: Name=RX15_P
Added Pin To Net: NetName=TX12_N Pin=J2-47
Added Net: Name=TX12_N
Added Pin To Net: NetName=TX12_P Pin=J2-49
Added Net: Name=TX12_P
Added Pin To Net: NetName=TX13_N Pin=J2-35
Added Net: Name=TX13_N
Added Pin To Net: NetName=TX13_P Pin=J2-37
Added Net: Name=TX13_P
Added Pin To Net: NetName=TX14_N Pin=J2-23
Added Net: Name=TX14_N
Added Pin To Net: NetName=TX14_P Pin=J2-25
Added Net: Name=TX14_P
Added Pin To Net: NetName=TX15_N Pin=J2-11
Added Net: Name=TX15_N
Added Pin To Net: NetName=TX15_P Pin=J2-13
Added Net: Name=TX15_P
Added Pin To Net: NetName=VCC3.3V Pin=C4-2
Added Pin To Net: NetName=VCC3.3V Pin=C5-2
Added Pin To Net: NetName=VCC3.3V Pin=E1-1
Added Pin To Net: NetName=VCC3.3V Pin=L1-1
Added Pin To Net: NetName=VCC3.3V Pin=R2-2
Added Net: Name=VCC3.3V
Added Pin To Net: NetName=VCC3V3 Pin=J2-2
Added Pin To Net: NetName=VCC3V3 Pin=J2-4
Added Pin To Net: NetName=VCC3V3 Pin=J2-12
Added Pin To Net: NetName=VCC3V3 Pin=J2-14
Added Pin To Net: NetName=VCC3V3 Pin=J2-16
Added Pin To Net: NetName=VCC3V3 Pin=J2-18
Added Pin To Net: NetName=VCC3V3 Pin=J2-70
Added Pin To Net: NetName=VCC3V3 Pin=J2-72
Added Pin To Net: NetName=VCC3V3 Pin=J2-74
Added Net: Name=VCC3V3
Added Pin To Net: NetName=VCC12V Pin=C6-2
Added Pin To Net: NetName=VCC12V Pin=C7-2
Added Pin To Net: NetName=VCC12V Pin=E2-1
Added Pin To Net: NetName=VCC12V Pin=R3-1
Added Pin To Net: NetName=VCC12V Pin=U1-3
Added Pin To Net: NetName=VCC12V Pin=U1-7
Added Pin To Net: NetName=VCC12V Pin=U1-22
Added Pin To Net: NetName=VCC12V Pin=U1-24
Added Net: Name=VCC12V
Added Class: Name=Sheet1
Add Differential Pair: Number of nets in differential pair REFCLK is 1 instead of 2
