Removed Pin From Net: NetName=PS-ON# Pin=JP4-3
Removed Pin From Net: NetName=GND Pin=JP4-4
Removed Pin From Net: NetName=GND Pin=JP4-5
Removed Pin From Net: NetName=GND Pin=JP4-6
Removed Pin From Net: NetName=GND Pin=JP4-8
Removed Pin From Net: NetName=GND Pin=JP4-11
Removed Pin From Net: NetName=VCC5.0V Pin=JP4-12
Removed Pin From Net: NetName=VCC3.3V Pin=JP4-13
Removed Pin From Net: NetName=VCC3.3V Pin=JP4-14
Removed Pin From Net: NetName=VCC5.0V Pin=JP4-15
Removed Pin From Net: NetName=GND Pin=JP4-16
Removed Pin From Net: NetName=VCC5.0V Pin=JP4-17
Removed Pin From Net: NetName=GND Pin=JP4-18
Removed Pin From Net: NetName=PWR_OK Pin=JP4-19
Removed Pin From Net: NetName=GND Pin=JP4-20
Removed Pin From Net: NetName=VOUT12V Pin=JP4-21
Removed Pin From Net: NetName=VCC5VSB Pin=JP4-22
Removed Pin From Net: NetName=VOUT12V Pin=JP4-23
Removed Pin From Net: NetName=VOUT12V Pin=JP4-24
Added Pin To Net: NetName=VCC3.3V Pin=JP4-1
Added Pin To Net: NetName=GND Pin=JP4-3
Added Pin To Net: NetName=PS-ON# Pin=JP4-5
Added Pin To Net: NetName=GND Pin=JP4-7
Added Pin To Net: NetName=VCC5.0V Pin=JP4-9
Added Pin To Net: NetName=VCC5.0V Pin=JP4-11
Added Pin To Net: NetName=GND Pin=JP4-12
Add Pin To Net: Unknown Pin: Pin R18-2
Add Pin To Net: Unknown Pin: Pin R19-2
