Removed Pin From Net: NetName=EN-LM5143 Pin=JP2-1
Removed Pin From Net: NetName=VOUT12V Pin=JP2-2
Removed Pin From Net: NetName=INA226-B Pin=JP2-3
Removed Pin From Net: NetName=VOUT12V Pin=JP2-4
Removed Pin From Net: NetName=VBUS Pin=JP2-5
Removed Pin From Net: NetName=VOUT12V Pin=JP2-6
Removed Pin From Net: NetName=VBUS Pin=JP2-7
Removed Pin From Net: NetName=VOUT12V Pin=JP2-8
Removed Pin From Net: NetName=VBUS Pin=JP2-9
Removed Pin From Net: NetName=PGND Pin=JP2-10
Removed Pin From Net: NetName=VBUS Pin=JP2-11
Removed Pin From Net: NetName=PGND Pin=JP2-12
Removed Pin From Net: NetName=VBUS Pin=JP2-13
Removed Pin From Net: NetName=PGND Pin=JP2-14
Removed Pin From Net: NetName=INA226-A Pin=JP2-15
Removed Pin From Net: NetName=PGND Pin=JP2-16
Added Pin To Net: NetName=VOUT12V Pin=JP2-1
Added Pin To Net: NetName=INA226-A Pin=JP2-2
Added Pin To Net: NetName=VOUT12V Pin=JP2-3
Added Pin To Net: NetName=VBUS Pin=JP2-4
Added Pin To Net: NetName=VOUT12V Pin=JP2-5
Added Pin To Net: NetName=VBUS Pin=JP2-6
Added Pin To Net: NetName=VOUT12V Pin=JP2-7
Added Pin To Net: NetName=VBUS Pin=JP2-8
Added Pin To Net: NetName=PGND Pin=JP2-9
Added Pin To Net: NetName=VBUS Pin=JP2-10
Added Pin To Net: NetName=PGND Pin=JP2-11
Added Pin To Net: NetName=VBUS Pin=JP2-12
Added Pin To Net: NetName=PGND Pin=JP2-13
Added Pin To Net: NetName=INA226-B Pin=JP2-14
Added Pin To Net: NetName=PGND Pin=JP2-15
Added Pin To Net: NetName=EN-LM5143 Pin=JP2-16
Change Net Name : Old Net Name=PGND New Net Name=VOUT12V
Change Net Name : Old Net Name=VOUT12V New Net Name=PGND
