Change Physical Footprint: Designator=C1 Old Footprint=C0805_L New Footprint=C0805_L
Change Physical Footprint: Designator=C2 Old Footprint=C0402_L New Footprint=C0402_L
Change Physical Footprint: Designator=C3 Old Footprint=C0402_L New Footprint=C0402_L
Change Physical Footprint: Designator=C4 Old Footprint=C0805_L New Footprint=C0805_L
Change Physical Footprint: Designator=C5 Old Footprint=C0805_L New Footprint=C0805_L
Change Physical Footprint: Designator=C6 Old Footprint=C0805_L New Footprint=C0805_L
Change Physical Footprint: Designator=C7 Old Footprint=C0805_L New Footprint=C0805_L
Change Physical Footprint: Designator=C8 Old Footprint=C0402_L New Footprint=C0402_L
Change Physical Footprint: Designator=C9 Old Footprint=C0402_L New Footprint=C0402_L
Change Physical Footprint: Designator=C10 Old Footprint=C0805_L New Footprint=C0805_L
Change Physical Footprint: Designator=C11 Old Footprint=C0805_L New Footprint=C0805_L
Change Physical Footprint: Designator=C12 Old Footprint=C0805_L New Footprint=C0805_L
Change Physical Footprint: Designator=C13 Old Footprint=C0805_L New Footprint=C0805_L
Change Physical Footprint: Designator=C14 Old Footprint=C0805_L New Footprint=C0805_L
Change Physical Footprint: Designator=C15 Old Footprint=C0805_L New Footprint=C0805_L
Change Physical Footprint: Designator=C16 Old Footprint=C0402_L New Footprint=C0402_L
Change Physical Footprint: Designator=C17 Old Footprint=C0402_L New Footprint=C0402_L
Change Physical Footprint: Designator=C18 Old Footprint=C0402_L New Footprint=C0402_L
Change Physical Footprint: Designator=C19 Old Footprint=C0402_L New Footprint=C0402_L
Change Physical Footprint: Designator=C20 Old Footprint=C0402_L New Footprint=C0402_L
Change Physical Footprint: Designator=C21 Old Footprint=C0805_L New Footprint=C0805_L
Change Physical Footprint: Designator=C22 Old Footprint=C0402_L New Footprint=C0402_L
Change Physical Footprint: Designator=C23 Old Footprint=C0402_L New Footprint=C0402_L
Change Physical Footprint: Designator=C24 Old Footprint=C0805_L New Footprint=C0805_L
Change Physical Footprint: Designator=C25 Old Footprint=C0805_L New Footprint=C0805_L
Change Physical Footprint: Designator=C26 Old Footprint=C0805_L New Footprint=C0805_L
Change Physical Footprint: Designator=C27 Old Footprint=C0805_L New Footprint=C0805_L
Change Physical Footprint: Designator=C28 Old Footprint=C0805_L New Footprint=C0805_L
Change Physical Footprint: Designator=C29 Old Footprint=C0805_L New Footprint=C0805_L
Change Physical Footprint: Designator=C30 Old Footprint=C0805_L New Footprint=C0805_L
Change Physical Footprint: Designator=C31 Old Footprint=C0805_L New Footprint=C0805_L
Change Physical Footprint: Designator=C32 Old Footprint=C0805_L New Footprint=C0805_L
Change Physical Footprint: Designator=C33 Old Footprint=C0805_L New Footprint=C0805_L
Change Physical Footprint: Designator=C34 Old Footprint=C0805_L New Footprint=C0805_L
Change Physical Footprint: Designator=C35 Old Footprint=C0402_L New Footprint=C0402_L
Change Physical Footprint: Designator=C36 Old Footprint=C0402_L New Footprint=C0402_L
Change Physical Footprint: Designator=C37 Old Footprint=C0402_L New Footprint=C0402_L
Change Physical Footprint: Designator=E1 Old Footprint=CT 6*6 - V -A New Footprint=CT 6*6 - V -A
Change Physical Footprint: Designator=E2 Old Footprint=CT 6*6 - V -A New Footprint=CT 6*6 - V -A
Change Physical Footprint: Designator=E3 Old Footprint=CT 6*6 - V -A New Footprint=CT 6*6 - V -A
Change Physical Footprint: Designator=E4 Old Footprint=CT 6*6 - V -A New Footprint=CT 6*6 - V -A
Change Physical Footprint: Designator=E5 Old Footprint=CT 6*6 - V -A New Footprint=CT 6*6 - V -A
Change Physical Footprint: Designator=E6 Old Footprint=CT 6*6 - V -A New Footprint=CT 6*6 - V -A
Change Physical Footprint: Designator=JP1 Old Footprint=HDR2.54-LI-2x8P New Footprint=HDR2.54-LI-2x8P
Change Physical Footprint: Designator=JP2 Old Footprint=HDR2.54-LI-2x8P New Footprint=HDR2.54-LI-2x8P
Change Physical Footprint: Designator=JP3 Old Footprint=HDR2.54-LI-2x8P New Footprint=HDR2.54-LI-2x8P
Change Physical Footprint: Designator=JP4 Old Footprint=MX3.0 2X12 Pin 拏泂 New Footprint=MX3.0 2X12 Pin 拏泂
Change Physical Footprint: Designator=JP5 Old Footprint=MX3.0 2X6 Pin 拏泂 New Footprint=MX3.0 2X6 Pin 拏泂
Change Physical Footprint: Designator=L1 Old Footprint=NR6045 New Footprint=NR6045
Change Physical Footprint: Designator=L2 Old Footprint=NR6045 New Footprint=NR6045
Change Physical Footprint: Designator=L3 Old Footprint=SMMS0420 New Footprint=SMMS0420
Change Physical Footprint: Designator=R1 Old Footprint=R0402_L New Footprint=R0402_L
Change Physical Footprint: Designator=R2 Old Footprint=R0402_L New Footprint=R0402_L
Change Physical Footprint: Designator=R3 Old Footprint=R0402_L New Footprint=R0402_L
Change Physical Footprint: Designator=R4 Old Footprint=R0402_L New Footprint=R0402_L
Change Physical Footprint: Designator=R5 Old Footprint=R0402_L New Footprint=R0402_L
Change Physical Footprint: Designator=R6 Old Footprint=R0402_L New Footprint=R0402_L
Change Physical Footprint: Designator=R7 Old Footprint=R0402_L New Footprint=R0402_L
Change Physical Footprint: Designator=R8 Old Footprint=R0402_L New Footprint=R0402_L
Change Physical Footprint: Designator=R9 Old Footprint=R0402_L New Footprint=R0402_L
Change Physical Footprint: Designator=R10 Old Footprint=R0402_L New Footprint=R0402_L
Change Physical Footprint: Designator=R11 Old Footprint=R0402_L New Footprint=R0402_L
Change Physical Footprint: Designator=R12 Old Footprint=R0402_L New Footprint=R0402_L
Change Physical Footprint: Designator=R13 Old Footprint=R0402_L New Footprint=R0402_L
Change Physical Footprint: Designator=R14 Old Footprint=R0402_L New Footprint=R0402_L
Change Physical Footprint: Designator=R18 Old Footprint=囀И婥霜肣沭 2x2x66.5mm New Footprint=囀И婥霜肣沭 2x2x66.5mm
Change Physical Footprint: Designator=R19 Old Footprint=囀И婥霜肣沭 2x2x66.5mm New Footprint=囀И婥霜肣沭 2x2x66.5mm
Change Physical Footprint: Designator=U1 Old Footprint=VQFN-20_L3.0-W3.0-P0.45-TL-EP_TI_RJE New Footprint=VQFN-20_L3.0-W3.0-P0.45-TL-EP_TI_RJE
Change Physical Footprint: Designator=U2 Old Footprint=VQFN-20_L3.0-W3.0-P0.45-TL-EP_TI_RJE New Footprint=VQFN-20_L3.0-W3.0-P0.45-TL-EP_TI_RJE
Change Physical Footprint: Designator=U3 Old Footprint=SOT23-6L New Footprint=SOT23-6L
Change Physical Footprint: Designator=U4 Old Footprint=SOP8_N New Footprint=SOP8_N
