Removed Pin From Net: NetName=VCC3.3V Pin=JP4-1
Removed Pin From Net: NetName=GND Pin=JP4-3
Removed Pin From Net: NetName=PS-ON# Pin=JP4-4
Removed Pin From Net: NetName=GND Pin=JP4-7
Removed Pin From Net: NetName=VCC5.0V Pin=JP4-9
Removed Pin From Net: NetName=VCC5.0V Pin=JP4-11
Removed Pin From Net: NetName=GND Pin=JP4-12
Removed Pin From Net: NetName=GND Pin=JP4-15
Removed Pin From Net: NetName=VCC5.0V Pin=JP4-16
Removed Pin From Net: NetName=GND Pin=JP4-17
Removed Pin From Net: NetName=VCC5.0V Pin=JP4-18
Removed Pin From Net: NetName=GND Pin=JP4-19
Removed Pin From Net: NetName=PWR_OK Pin=JP4-20
Removed Pin From Net: NetName=VCC5VSB Pin=JP4-21
Removed Pin From Net: NetName=VOUT12V Pin=JP4-22
Removed Pin From Net: NetName=VOUT12V Pin=JP4-25
Removed Pin From Net: NetName=VOUT12V Pin=JP4-26
Removed Pin From Net: NetName=VOUT12V Pin=JP5-13
Removed Pin From Net: NetName=VOUT12V Pin=JP5-14
Added Pin To Net: NetName=VCC3.3V Pin=JP4-2
Added Pin To Net: NetName=PS-ON# Pin=JP4-3
Added Pin To Net: NetName=GND Pin=JP4-4
Added Pin To Net: NetName=GND Pin=JP4-8
Added Pin To Net: NetName=VCC5.0V Pin=JP4-10
Added Pin To Net: NetName=GND Pin=JP4-11
Added Pin To Net: NetName=VCC5.0V Pin=JP4-12
Added Pin To Net: NetName=VCC5.0V Pin=JP4-15
Added Pin To Net: NetName=GND Pin=JP4-16
Added Pin To Net: NetName=VCC5.0V Pin=JP4-17
Added Pin To Net: NetName=GND Pin=JP4-18
Added Pin To Net: NetName=PWR_OK Pin=JP4-19
Added Pin To Net: NetName=GND Pin=JP4-20
Added Pin To Net: NetName=VOUT12V Pin=JP4-21
Added Pin To Net: NetName=VCC5VSB Pin=JP4-22
Add Pin To Net: Unknown Pin: Pin R18-2
Add Pin To Net: Unknown Pin: Pin R19-2
