Added Pin To Net: NetName=VCC3.3V Pin=JP4-1
Added Pin To Net: NetName=GND Pin=JP4-3
Added Pin To Net: NetName=GND Pin=JP4-5
Added Pin To Net: NetName=GND Pin=JP4-6
Added Pin To Net: NetName=GND Pin=JP4-7
Added Pin To Net: NetName=VCC5.0V Pin=JP4-9
Added Pin To Net: NetName=VCC5.0V Pin=JP4-11
Added Pin To Net: NetName=GND Pin=JP4-12
Added Pin To Net: NetName=VCC3.3V Pin=JP4-13
Added Pin To Net: NetName=VCC3.3V Pin=JP4-14
Added Pin To Net: NetName=GND Pin=JP4-15
Added Pin To Net: NetName=VCC5.0V Pin=JP4-16
Added Pin To Net: NetName=GND Pin=JP4-17
Added Pin To Net: NetName=VCC5.0V Pin=JP4-18
Added Pin To Net: NetName=GND Pin=JP4-19
Added Pin To Net: NetName=VCC5V-A Pin=JP4-21
Added Pin To Net: NetName=VOUT12V Pin=JP4-22
Added Pin To Net: NetName=VOUT12V Pin=JP4-23
Added Pin To Net: NetName=VOUT12V Pin=JP4-24
Change Net Name : Old Net Name=VCC5V-A New Net Name=VCC5VSB
Added Pin To Net: NetName=PS-ON# Pin=JP4-4
Added Net: Name=PS-ON#
Added Pin To Net: NetName=PWR_OK Pin=JP4-20
Added Net: Name=PWR_OK
