Change Component Designator: OldDesignator=U？ NewDesignator=U4
Added Component: Designator=D2(SOD-323)
Add component (AddParameter): Name = "BOM名称"; Value = "整流二极管"; VariantName = "[No Variations]"
Add component (AddParameter): Name = "学习资源"; Value = "www.ooocke.com"; VariantName = "[No Variations]"
Add component (AddParameter): Name = "版权归属"; Value = "源创客"; VariantName = "[No Variations]"
Added Component: Designator=R15(R0402_L)
Add component (AddParameter): Name = "BOM名称"; Value = "贴片电阻"; VariantName = "[No Variations]"
Add component (AddParameter): Name = "学习资源"; Value = "www.ooocke.com"; VariantName = "[No Variations]"
Add component (AddParameter): Name = "版权归属"; Value = "源创客"; VariantName = "[No Variations]"
Added Component: Designator=R16(R0402_L)
Add component (AddParameter): Name = "BOM名称"; Value = "贴片电阻"; VariantName = "[No Variations]"
Add component (AddParameter): Name = "学习资源"; Value = "www.ooocke.com"; VariantName = "[No Variations]"
Add component (AddParameter): Name = "版权归属"; Value = "源创客"; VariantName = "[No Variations]"
Added Component: Designator=R17(R0402_L)
Add component (AddParameter): Name = "BOM名称"; Value = "贴片电阻"; VariantName = "[No Variations]"
Add component (AddParameter): Name = "学习资源"; Value = "www.ooocke.com"; VariantName = "[No Variations]"
Add component (AddParameter): Name = "版权归属"; Value = "源创客"; VariantName = "[No Variations]"
Added Pin To Net: NetName=VOUT12V Pin=D2-1
Added Pin To Net: NetName=NetD1_2 Pin=D2-2
Added Pin To Net: NetName=VBUS Pin=R15-1
Added Pin To Net: NetName=NetR15_2 Pin=R15-2
Added Pin To Net: NetName=NetR15_2 Pin=R16-1
Added Pin To Net: NetName=GND Pin=R16-2
Added Pin To Net: NetName=PWR_OK Pin=R17-1
Added Pin To Net: NetName=VCC5.0V Pin=R17-2
Added Member To Class: ClassName=Connecto-mcu Member=Component D2 1N4148
Added Member To Class: ClassName=Connecto-mcu Member=Component R15 20K 1%
Added Member To Class: ClassName=Connecto-mcu Member=Component R16 20K 1%
Added Member To Class: ClassName=Connecto-mcu Member=Component R17 4.7K 1%
