Removed Pin From Net: NetName=GND Pin=C1-1
Removed Pin From Net: NetName=GND Pin=C2-1
Removed Pin From Net: NetName=GND Pin=C3-1
Removed Pin From Net: NetName=VCC5.0V Pin=C3-2
Removed Pin From Net: NetName=GND Pin=C4-1
Removed Pin From Net: NetName=VCC5.0V Pin=C4-2
Removed Pin From Net: NetName=VCC5.0V Pin=C5-2
Removed Pin From Net: NetName=VCC5.0V Pin=C6-2
Removed Pin From Net: NetName=NetC7_2 Pin=C7-2
Removed Pin From Net: NetName=GND Pin=C8-1
Removed Pin From Net: NetName=GND Pin=C9-1
Removed Pin From Net: NetName=GND Pin=E1-2
Removed Pin From Net: NetName=VCC5.0V Pin=E2-1
Removed Pin From Net: NetName=GND Pin=E2-2
Removed Pin From Net: NetName=VCC5.0V Pin=E3-1
Removed Pin From Net: NetName=GND Pin=E3-2
Removed Pin From Net: NetName=GND Pin=E4-2
Removed Pin From Net: NetName=VCC5.0V Pin=E5-1
Removed Pin From Net: NetName=GND Pin=E5-2
Removed Pin From Net: NetName=VCC5.0V Pin=E6-1
Removed Pin From Net: NetName=GND Pin=E6-2
Removed Pin From Net: NetName=VCC5.0V Pin=L1-2
Removed Pin From Net: NetName=VCC5.0V Pin=R1-1
Removed Member From Class: ClassName=Connecto-mcu Member=E1
Removed Member From Class: ClassName=Connecto-mcu Member=E2
Removed Member From Class: ClassName=Connecto-mcu Member=E3
Removed Member From Class: ClassName=Connecto-mcu Member=E4
Removed Member From Class: ClassName=Connecto-mcu Member=E5
Removed Member From Class: ClassName=Connecto-mcu Member=E6
Change Component Footprint: Designator=C7 Old Footprint=C0402_L New Footprint=C0805_L
Change Component Footprint: Designator=C8 Old Footprint=C0402_L New Footprint=C0805_L
Change Component Footprint: Designator=C9 Old Footprint=C0402_L New Footprint=C0805_L
Change Component Footprint: Designator=C3 Old Footprint=C0603_L New Footprint=C0805_L
Change Component Footprint: Designator=C4 Old Footprint=C0603_L New Footprint=C0805_L
Change Component Footprint: Designator=C5 Old Footprint=C0603_L New Footprint=C0805_L
Change Component Footprint: Designator=C6 Old Footprint=C0603_L New Footprint=C0805_L
Change Component Comment : Designator=C18 Old Comment=2.2uF 25V New Comment=1uF 25V
Change Component Comment : Designator=C9 Old Comment=2.2uF 25V New Comment=100nF 25V
Change Component Comment : Designator=L1 Old Comment=8.2uH New Comment=1.8uH
Change Component Comment : Designator=L2 Old Comment=8.2uH New Comment=2.2uH
Change Component Comment : Designator=C8 Old Comment=10nF 25V New Comment=100nF 25V
Change Component Comment : Designator=R5 Old Comment=15K 1% New Comment=20K 1%
Change Component Comment : Designator=C5 Old Comment=22uF 6.3V New Comment=22uF 25V
Change Component Comment : Designator=C6 Old Comment=22uF 6.3V New Comment=22uF 25V
Change Component Comment : Designator=C12 Old Comment=22uF 6.3V New Comment=47uF 6.3V
Change Component Comment : Designator=C13 Old Comment=22uF 6.3V New Comment=47uF 6.3V
Change Component Comment : Designator=C14 Old Comment=22uF 6.3V New Comment=47uF 6.3V
Change Component Comment : Designator=C15 Old Comment=22uF 6.3V New Comment=47uF 6.3V
Change Component Comment : Designator=C3 Old Comment=22uF 6.3V New Comment=100nF 25V
Change Component Comment : Designator=C4 Old Comment=22uF 6.3V New Comment=100nF 25V
Change Component Comment : Designator=C1 Old Comment=22uF 25V New Comment=100nF 25V
Change Component Comment : Designator=C2 Old Comment=22uF 25V New Comment=100nF 25V
Change Component Comment : Designator=R1 Old Comment=110K 1% New Comment=90.9K 1%
Added Component: Designator=C26(C0805_L)
Add component (AddParameter): Name = "BOM名称"; Value = "无极性贴片电容"; VariantName = "[No Variations]"
Add component (AddParameter): Name = "学习资源"; Value = "www.ooocke.com"; VariantName = "[No Variations]"
Add component (AddParameter): Name = "材质"; Value = "X7R"; VariantName = "[No Variations]"
Add component (AddParameter): Name = "版权归属"; Value = "源创客"; VariantName = "[No Variations]"
Added Component: Designator=C27(C0805_L)
Add component (AddParameter): Name = "BOM名称"; Value = "无极性贴片电容"; VariantName = "[No Variations]"
Add component (AddParameter): Name = "学习资源"; Value = "www.ooocke.com"; VariantName = "[No Variations]"
Add component (AddParameter): Name = "材质"; Value = "X7R"; VariantName = "[No Variations]"
Add component (AddParameter): Name = "版权归属"; Value = "源创客"; VariantName = "[No Variations]"
Added Component: Designator=C28(C0805_L)
Add component (AddParameter): Name = "BOM名称"; Value = "无极性贴片电容"; VariantName = "[No Variations]"
Add component (AddParameter): Name = "学习资源"; Value = "www.ooocke.com"; VariantName = "[No Variations]"
Add component (AddParameter): Name = "材质"; Value = "X7R"; VariantName = "[No Variations]"
Add component (AddParameter): Name = "版权归属"; Value = "源创客"; VariantName = "[No Variations]"
Added Component: Designator=C29(C0805_L)
Add component (AddParameter): Name = "BOM名称"; Value = "无极性贴片电容"; VariantName = "[No Variations]"
Add component (AddParameter): Name = "学习资源"; Value = "www.ooocke.com"; VariantName = "[No Variations]"
Add component (AddParameter): Name = "材质"; Value = "X7R"; VariantName = "[No Variations]"
Add component (AddParameter): Name = "版权归属"; Value = "源创客"; VariantName = "[No Variations]"
Added Component: Designator=C30(C0805_L)
Add component (AddParameter): Name = "BOM名称"; Value = "无极性贴片电容"; VariantName = "[No Variations]"
Add component (AddParameter): Name = "学习资源"; Value = "www.ooocke.com"; VariantName = "[No Variations]"
Add component (AddParameter): Name = "材质"; Value = "X7R"; VariantName = "[No Variations]"
Add component (AddParameter): Name = "版权归属"; Value = "源创客"; VariantName = "[No Variations]"
Added Component: Designator=C31(C0603_L)
Add component (AddParameter): Name = "BOM名称"; Value = "无极性贴片电容"; VariantName = "[No Variations]"
Add component (AddParameter): Name = "学习资源"; Value = "www.ooocke.com"; VariantName = "[No Variations]"
Add component (AddParameter): Name = "材质"; Value = "X7R"; VariantName = "[No Variations]"
Add component (AddParameter): Name = "版权归属"; Value = "源创客"; VariantName = "[No Variations]"
Added Component: Designator=C32(C0603_L)
Add component (AddParameter): Name = "BOM名称"; Value = "无极性贴片电容"; VariantName = "[No Variations]"
Add component (AddParameter): Name = "学习资源"; Value = "www.ooocke.com"; VariantName = "[No Variations]"
Add component (AddParameter): Name = "材质"; Value = "X7R"; VariantName = "[No Variations]"
Add component (AddParameter): Name = "版权归属"; Value = "源创客"; VariantName = "[No Variations]"
Added Component: Designator=C33(C0603_L)
Add component (AddParameter): Name = "BOM名称"; Value = "无极性贴片电容"; VariantName = "[No Variations]"
Add component (AddParameter): Name = "学习资源"; Value = "www.ooocke.com"; VariantName = "[No Variations]"
Add component (AddParameter): Name = "材质"; Value = "X7R"; VariantName = "[No Variations]"
Add component (AddParameter): Name = "版权归属"; Value = "源创客"; VariantName = "[No Variations]"
Added Component: Designator=C34(C0603_L)
Add component (AddParameter): Name = "BOM名称"; Value = "无极性贴片电容"; VariantName = "[No Variations]"
Add component (AddParameter): Name = "学习资源"; Value = "www.ooocke.com"; VariantName = "[No Variations]"
Add component (AddParameter): Name = "材质"; Value = "X7R"; VariantName = "[No Variations]"
Add component (AddParameter): Name = "版权归属"; Value = "源创客"; VariantName = "[No Variations]"
Added Component: Designator=C35(C0402_L)
Add component (AddParameter): Name = "BOM名称"; Value = "无极性贴片电容"; VariantName = "[No Variations]"
Add component (AddParameter): Name = "学习资源"; Value = "www.ooocke.com"; VariantName = "[No Variations]"
Add component (AddParameter): Name = "材质"; Value = "X7R"; VariantName = "[No Variations]"
Add component (AddParameter): Name = "版权归属"; Value = "源创客"; VariantName = "[No Variations]"
Added Component: Designator=C36(C0402_L)
Add component (AddParameter): Name = "BOM名称"; Value = "无极性贴片电容"; VariantName = "[No Variations]"
Add component (AddParameter): Name = "学习资源"; Value = "www.ooocke.com"; VariantName = "[No Variations]"
Add component (AddParameter): Name = "材质"; Value = "X7R"; VariantName = "[No Variations]"
Add component (AddParameter): Name = "版权归属"; Value = "源创客"; VariantName = "[No Variations]"
Added Component: Designator=C37(C0402_L)
Add component (AddParameter): Name = "BOM名称"; Value = "无极性贴片电容"; VariantName = "[No Variations]"
Add component (AddParameter): Name = "学习资源"; Value = "www.ooocke.com"; VariantName = "[No Variations]"
Add component (AddParameter): Name = "材质"; Value = "X7R"; VariantName = "[No Variations]"
Add component (AddParameter): Name = "版权归属"; Value = "源创客"; VariantName = "[No Variations]"
Added Pin To Net: NetName=VCC5.0V Pin=C1-1
Added Pin To Net: NetName=GND Pin=C1-2
Added Pin To Net: NetName=GND Pin=C2-2
Added Pin To Net: NetName=VOUT12V Pin=C3-1
Added Pin To Net: NetName=GND Pin=C3-2
Added Pin To Net: NetName=VCC5.0V Pin=C4-1
Added Pin To Net: NetName=GND Pin=C4-2
Added Pin To Net: NetName=VOUT12V Pin=C5-2
Added Pin To Net: NetName=VOUT12V Pin=C6-2
Added Pin To Net: NetName=GND Pin=C7-2
Added Pin To Net: NetName=GND Pin=C8-2
Added Pin To Net: NetName=VOUT12V Pin=C9-1
Added Pin To Net: NetName=GND Pin=C9-2
Added Pin To Net: NetName=VOUT12V Pin=C10-2
Added Pin To Net: NetName=VOUT12V Pin=C21-2
Added Pin To Net: NetName=VOUT12V Pin=C22-2
Added Pin To Net: NetName=GND Pin=C26-2
Added Pin To Net: NetName=GND Pin=C27-1
Added Pin To Net: NetName=VOUT12V Pin=C27-2
Added Pin To Net: NetName=GND Pin=C28-1
Added Pin To Net: NetName=GND Pin=C29-1
Added Pin To Net: NetName=VOUT12V Pin=C29-2
Added Pin To Net: NetName=GND Pin=C30-1
Added Pin To Net: NetName=VOUT12V Pin=C30-2
Added Pin To Net: NetName=GND Pin=C31-1
Added Pin To Net: NetName=GND Pin=C32-1
Added Pin To Net: NetName=GND Pin=C33-1
Added Pin To Net: NetName=GND Pin=C34-1
Added Pin To Net: NetName=NetC7_2 Pin=C35-2
Added Pin To Net: NetName=GND Pin=C36-1
Added Pin To Net: NetName=GND Pin=C37-1
Added Pin To Net: NetName=VOUT12V Pin=R2-2
Added Pin To Net: NetName=VOUT12V Pin=R8-2
Added Pin To Net: NetName=VOUT12V Pin=U1-2
Added Pin To Net: NetName=VOUT12V Pin=U1-3
Added Pin To Net: NetName=VOUT12V Pin=U1-4
Added Pin To Net: NetName=VOUT12V Pin=U1-5
Added Pin To Net: NetName=VOUT12V Pin=U2-2
Added Pin To Net: NetName=VOUT12V Pin=U2-3
Added Pin To Net: NetName=VOUT12V Pin=U2-4
Added Pin To Net: NetName=VOUT12V Pin=U2-5
Added Pin To Net: NetName=VOUT12V Pin=U3-3
Change Net Name : Old Net Name=NetC7_2 New Net Name=NetC35_2
Added Pin To Net: NetName=NetC2_1 Pin=C2-1
Added Pin To Net: NetName=NetC2_1 Pin=C11-2
Added Net: Name=NetC2_1
Added Pin To Net: NetName=NetC8_1 Pin=C8-1
Added Pin To Net: NetName=NetC8_1 Pin=C28-2
Added Net: Name=NetC8_1
Added Pin To Net: NetName=NetC35_1 Pin=C35-1
Added Pin To Net: NetName=NetC35_1 Pin=U1-1
Added Net: Name=NetC35_1
Added Pin To Net: NetName=NetC36_2 Pin=C36-2
Added Pin To Net: NetName=NetC36_2 Pin=U1-11
Added Net: Name=NetC36_2
Added Pin To Net: NetName=NetC37_2 Pin=C37-2
Added Pin To Net: NetName=NetC37_2 Pin=R3-1
Added Pin To Net: NetName=NetC37_2 Pin=U1-17
Added Net: Name=NetC37_2
Added Pin To Net: NetName=VCC3.3V Pin=C7-1
Added Pin To Net: NetName=VCC3.3V Pin=C26-1
Added Pin To Net: NetName=VCC3.3V Pin=C31-2
Added Pin To Net: NetName=VCC3.3V Pin=C32-2
Added Pin To Net: NetName=VCC3.3V Pin=C33-2
Added Pin To Net: NetName=VCC3.3V Pin=C34-2
Added Pin To Net: NetName=VCC3.3V Pin=L1-2
Added Pin To Net: NetName=VCC3.3V Pin=R1-1
Added Net: Name=VCC3.3V
Added Member To Class: ClassName=Connecto-mcu Member=Component C26 100nF 25V
Added Member To Class: ClassName=Connecto-mcu Member=Component C27 22uF 25V
Added Member To Class: ClassName=Connecto-mcu Member=Component C28 22uF 25V
Added Member To Class: ClassName=Connecto-mcu Member=Component C29 22uF 25V
Added Member To Class: ClassName=Connecto-mcu Member=Component C30 22uF 25V
Added Member To Class: ClassName=Connecto-mcu Member=Component C31 47uF 6.3V
Added Member To Class: ClassName=Connecto-mcu Member=Component C32 47uF 6.3V
Added Member To Class: ClassName=Connecto-mcu Member=Component C33 47uF 6.3V
Added Member To Class: ClassName=Connecto-mcu Member=Component C34 47uF 6.3V
Added Member To Class: ClassName=Connecto-mcu Member=Component C35 100nF 25V
Added Member To Class: ClassName=Connecto-mcu Member=Component C36 10nF 25V
Added Member To Class: ClassName=Connecto-mcu Member=Component C37 1uF 25V
