Removed Pin From Net: NetName=VBUS Pin=C7-2
Removed Pin From Net: NetName=VBUS Pin=C8-2
Removed Pin From Net: NetName=VOUT12V Pin=J3-1
Removed Pin From Net: NetName=PGND Pin=J3-2
Removed Pin From Net: NetName=VBUS Pin=U4-3
Removed Member From Class: ClassName=Sheet Member=C5
Removed Member From Class: ClassName=Sheet Member=C6
Removed Member From Class: ClassName=Sheet Member=C7
Removed Member From Class: ClassName=Sheet Member=C8
Removed Member From Class: ClassName=Sheet Member=C9
Removed Member From Class: ClassName=Sheet Member=C10
Removed Member From Class: ClassName=Sheet Member=C11
Removed Member From Class: ClassName=Sheet Member=J3
Removed Member From Class: ClassName=Sheet Member=L5
Removed Member From Class: ClassName=Sheet Member=R8
Removed Member From Class: ClassName=Sheet Member=R16
Removed Member From Class: ClassName=Sheet Member=U4
Change Component Footprint: Designator=JP2 Old Footprint=AMPHENOL_10164279-124121LF New Footprint=4.2mm 8Pin 季튬보턍
Change Component Comment : Designator=JP2 Old Comment=Header 6X2 New Comment=Header 4X2
Change component parameters: Designator = "JP2" ("JP2"); Footprint = "AMPHENOL_10164279-124121LF"; UniqueID = "\LWRCQPQQ" ("\LWRCQPQQ")
Change component parameters (AddParameter): Name = "BOM츰냔"; Value = "4*2P쌈꿨숭"; VariantName = "[No Variations]"
Change component parameters (AddParameter): Name = "欺構栗都"; Value = "www.ooocke.com"; VariantName = "[No Variations]"
Change component parameters (AddParameter): Name = "경홈백橄"; Value = "都눼와"; VariantName = "[No Variations]"
