Removed Pin From Net: NetName=VBUS_FET Pin=C10-2
Removed Pin From Net: NetName=VBUS_FET Pin=C11-2
Removed Pin From Net: NetName=VBUS_FET Pin=E4-1
Removed Pin From Net: NetName=VBUS_FET Pin=E5-1
Removed Pin From Net: NetName=VBUS_FET Pin=R17-1
Removed Pin From Net: NetName=VBUS_FET Pin=U4-3
Removed Pin From Net: NetName=VBUS_FET Pin=U4-7
Removed Pin From Net: NetName=VBUS_FET Pin=U4-22
Removed Pin From Net: NetName=VBUS_FET Pin=U4-24
Added Pin To Net: NetName=VBUS Pin=C10-2
Added Pin To Net: NetName=VBUS Pin=C11-2
Added Pin To Net: NetName=VBUS Pin=E4-1
Added Pin To Net: NetName=VBUS Pin=E5-1
Added Pin To Net: NetName=VBUS Pin=R17-1
Added Pin To Net: NetName=VBUS Pin=U4-3
Added Pin To Net: NetName=VBUS Pin=U4-7
Add Pin To Net: Unknown Pin: Pin U4-8
Add Pin To Net: Unknown Pin: Pin U4-9
Add Pin To Net: Unknown Pin: Pin U4-10
Add Pin To Net: Unknown Pin: Pin U4-11
Added Pin To Net: NetName=VBUS Pin=U4-22
Added Pin To Net: NetName=VBUS Pin=U4-24
