Removed Pin From Net: NetName=PGND Pin=C6-2
Removed Pin From Net: NetName=PGND Pin=C7-2
Removed Pin From Net: NetName=PGND Pin=C8-1
Removed Pin From Net: NetName=VOUT12V-Standby Pin=C8-2
Removed Pin From Net: NetName=PGND Pin=C9-1
Removed Pin From Net: NetName=PGND Pin=C10-1
Removed Pin From Net: NetName=VBUS Pin=C10-2
Removed Pin From Net: NetName=PGND Pin=C11-1
Removed Pin From Net: NetName=VBUS Pin=C11-2
Removed Pin From Net: NetName=VOUT12V-Standby Pin=E3-1
Removed Pin From Net: NetName=PGND Pin=E3-2
Removed Pin From Net: NetName=VBUS Pin=E5-1
Removed Pin From Net: NetName=PGND Pin=E5-2
Removed Pin From Net: NetName=VOUT12V-Standby Pin=L7-1
Removed Pin From Net: NetName=VOUT12V-Standby Pin=R16-2
Removed Pin From Net: NetName=VBUS Pin=R17-1
Removed Pin From Net: NetName=ENABLE Pin=U4-2
Removed Pin From Net: NetName=VBUS Pin=U4-7
Removed Pin From Net: NetName=PGND Pin=U4-12
Removed Pin From Net: NetName=PGND Pin=U4-13
Removed Pin From Net: NetName=PGND Pin=U4-14
Removed Pin From Net: NetName=PGND Pin=U4-15
Removed Pin From Net: NetName=PGND Pin=U4-19
Removed Pin From Net: NetName=NetC6_1 Pin=U4-21
Removed Pin From Net: NetName=VBUS Pin=U4-22
Removed Pin From Net: NetName=VBUS Pin=U4-24
Removed Member From Class: ClassName=Sheet Member=E3
Removed Member From Class: ClassName=Sheet Member=E5
Removed Member From Class: ClassName=Sheet Member=L7
Removed Member From Class: ClassName=Sheet Member=R17
Change Component Footprint: Designator=C5 Old Footprint=C0603_l New Footprint=C0402_L
Change Component Footprint: Designator=C6 Old Footprint=C0603_l New Footprint=C0402_L
Change Component Footprint: Designator=C8 Old Footprint=C0603_l New Footprint=C0402_L
Change Component Footprint: Designator=C9 Old Footprint=C0603_l New Footprint=C0402_L
Change Component Footprint: Designator=C25 Old Footprint=C0603_l New Footprint=C0402_l
Change Component Footprint: Designator=C61 Old Footprint=C0603_l New Footprint=C0402_l
Change Component Footprint: Designator=C7 Old Footprint=C0603_l New Footprint=C0805_L
Change Component Footprint: Designator=C10 Old Footprint=C0603_l New Footprint=C0805_L
Change Component Footprint: Designator=C11 Old Footprint=C0603_l New Footprint=C0805_L
Change Component Footprint: Designator=R8 Old Footprint=R 0603_L New Footprint=R0402_L
Change Component Footprint: Designator=R16 Old Footprint=R 0603_L New Footprint=R0402_L
Change Component Footprint: Designator=U4 Old Footprint=TQFN-23_L4.0-W4.0-P0.50-BL_GS9238TQ-R New Footprint=SOT23-6L
Change Component Comment : Designator=R16 Old Comment=1R 1% New Comment=22.1K 1%
Change Component Comment : Designator=R8 Old Comment=1R 1% New Comment=100K 1%
Change Component Comment : Designator=C6 Old Comment=10uF 50V New Comment=100nF 50V
Change Component Comment : Designator=C7 Old Comment=100nF 50V New Comment=22uF 25V
Change Component Comment : Designator=C10 Old Comment=100nF 50V New Comment=47uF 6.3V
Change Component Comment : Designator=C11 Old Comment=100nF 50V New Comment=47uF 6.3V
Change Component Comment : Designator=C9 Old Comment=100nF 50V New Comment=56PF 50V
Change Component Comment : Designator=U4 Old Comment=GS9238-ATQ-R New Comment=TPS54302DDCR
Added Component: Designator=L5(L0630季튬든먁)
Add component (AddParameter): Name = "BOM츰냔"; Value = "鬼묘쪽季튬든먁"; VariantName = "[No Variations]"
Add component (AddParameter): Name = "欺構栗都"; Value = "www.ooocke.com"; VariantName = "[No Variations]"
Add component (AddParameter): Name = "경홈백橄"; Value = "都눼와"; VariantName = "[No Variations]"
Added Pin To Net: NetName=VOUT12V-Standby Pin=C5-1
Added Pin To Net: NetName=VBUS Pin=C7-2
Added Pin To Net: NetName=VBUS Pin=C8-2
Added Pin To Net: NetName=VOUT12V-Standby Pin=C10-1
Added Pin To Net: NetName=VOUT12V-Standby Pin=C11-1
Added Pin To Net: NetName=VOUT12V-Standby Pin=L5-2
Added Pin To Net: NetName=VOUT12V-Standby Pin=R8-1
Added Pin To Net: NetName=NetC6_1 Pin=U4-6
Added Pin To Net: NetName=GND Pin=C5-2
Added Pin To Net: NetName=GND Pin=C7-1
Added Pin To Net: NetName=GND Pin=C8-1
Added Pin To Net: NetName=GND Pin=C10-2
Added Pin To Net: NetName=GND Pin=C11-2
Added Pin To Net: NetName=GND Pin=R16-2
Added Pin To Net: NetName=GND Pin=U4-1
Added Net: Name=GND
Added Pin To Net: NetName=NetC6_2 Pin=C6-2
Added Pin To Net: NetName=NetC6_2 Pin=L5-1
Added Pin To Net: NetName=NetC6_2 Pin=U4-2
Added Net: Name=NetC6_2
Added Pin To Net: NetName=NetC9_1 Pin=C9-1
Added Pin To Net: NetName=NetC9_1 Pin=R8-2
Added Pin To Net: NetName=NetC9_1 Pin=R16-1
Added Pin To Net: NetName=NetC9_1 Pin=U4-4
Added Net: Name=NetC9_1
Added Class: Name=PWR
Added Member To Class: ClassName=Sheet Member=Component L5 8.2uH
