Added Component: Designator=D1(SOD-123)
Add component (AddParameter): Name = "BOM名称"; Value = "高速开关二极管"; VariantName = "[No Variations]"
Add component (AddParameter): Name = "学习资源"; Value = "www.ooocke.com"; VariantName = "[No Variations]"
Add component (AddParameter): Name = "版权归属"; Value = "源创客"; VariantName = "[No Variations]"
Added Component: Designator=D2(SOD-123)
Add component (AddParameter): Name = "BOM名称"; Value = "高速开关二极管"; VariantName = "[No Variations]"
Add component (AddParameter): Name = "学习资源"; Value = "www.ooocke.com"; VariantName = "[No Variations]"
Add component (AddParameter): Name = "版权归属"; Value = "源创客"; VariantName = "[No Variations]"
Added Component: Designator=D3(SOD-123)
Add component (AddParameter): Name = "BOM名称"; Value = "高速开关二极管"; VariantName = "[No Variations]"
Add component (AddParameter): Name = "学习资源"; Value = "www.ooocke.com"; VariantName = "[No Variations]"
Add component (AddParameter): Name = "版权归属"; Value = "源创客"; VariantName = "[No Variations]"
Added Component: Designator=D4(SOD-123)
Add component (AddParameter): Name = "BOM名称"; Value = "高速开关二极管"; VariantName = "[No Variations]"
Add component (AddParameter): Name = "学习资源"; Value = "www.ooocke.com"; VariantName = "[No Variations]"
Add component (AddParameter): Name = "版权归属"; Value = "源创客"; VariantName = "[No Variations]"
Added Pin To Net: NetName=VCC-LM5143A Pin=D1-1
Added Pin To Net: NetName=NetC19_2 Pin=D1-2
Added Pin To Net: NetName=VCC-LM5143A Pin=D2-1
Added Pin To Net: NetName=NetC20_2 Pin=D2-2
Added Pin To Net: NetName=VCC-LM5143B Pin=D3-1
Added Pin To Net: NetName=NetC41_2 Pin=D3-2
Added Pin To Net: NetName=VCC-LM5143B Pin=D4-1
Added Pin To Net: NetName=NetC42_2 Pin=D4-2
Add Pin To Net: Unknown Pin: Pin J3-1
Add Pin To Net: Unknown Pin: Pin J3-2
Add Pin To Net: Unknown Pin: Pin J3-S1
Add Pin To Net: Unknown Pin: Pin J3-S2
Add Pin To Net: Unknown Pin: Pin U4-8
Add Pin To Net: Unknown Pin: Pin U4-9
Add Pin To Net: Unknown Pin: Pin U4-10
Add Pin To Net: Unknown Pin: Pin U4-11
Added Member To Class: ClassName=Sheet Member=Component D1 B5819w
Added Member To Class: ClassName=Sheet Member=Component D2 B5819w
Added Member To Class: ClassName=Sheet Member=Component D3 B5819w
Added Member To Class: ClassName=Sheet Member=Component D4 B5819w
Add Class Member: Failed to add class member : Component J3 XT30PW(2+2)-M.G.B
