Added Component: Designator=Q9(TOLL-8)
Add component (AddParameter): Name = "BOM名称"; Value = "场效应管"; VariantName = "[No Variations]"
Add component (AddParameter): Name = "学习资源"; Value = "www.ooocke.com"; VariantName = "[No Variations]"
Add component (AddParameter): Name = "描述"; Value = "P沟道 30V/4.2A"; VariantName = "[No Variations]"
Add component (AddParameter): Name = "版权归属"; Value = "源创客"; VariantName = "[No Variations]"
Added Component: Designator=Q10(TOLL-8)
Add component (AddParameter): Name = "BOM名称"; Value = "场效应管"; VariantName = "[No Variations]"
Add component (AddParameter): Name = "学习资源"; Value = "www.ooocke.com"; VariantName = "[No Variations]"
Add component (AddParameter): Name = "描述"; Value = "P沟道 30V/4.2A"; VariantName = "[No Variations]"
Add component (AddParameter): Name = "版权归属"; Value = "源创客"; VariantName = "[No Variations]"
Added Pin To Net: NetName=NetC3_2 Pin=Q9-1
Added Pin To Net: NetName=NetC3_2 Pin=Q9-2
Added Pin To Net: NetName=NetC3_2 Pin=Q9-3
Add Pin To Net: Unknown Pin: Pin Q9-4
Add Pin To Net: Unknown Pin: Pin Q9-5
Added Pin To Net: NetName=NetC12_2 Pin=Q10-1
Added Pin To Net: NetName=NetC12_2 Pin=Q10-2
Added Pin To Net: NetName=NetC12_2 Pin=Q10-3
Add Pin To Net: Unknown Pin: Pin Q10-4
Add Pin To Net: Unknown Pin: Pin Q10-5
Added Member To Class: ClassName=Sheet Member=Component Q9 Nmos_DFN8_5*6
Added Member To Class: ClassName=Sheet Member=Component Q10 Nmos_DFN8_5*6
