Change Component Comment : Designator=L5 Old Comment=YSPIT0650A-1R8M New Comment=22uH
Added Component: Designator=C4(C0402_l)
Add component (AddParameter): Name = "BOM名称"; Value = "无极性贴片电容"; VariantName = "[No Variations]"
Add component (AddParameter): Name = "学习资源"; Value = "www.ooocke.com"; VariantName = "[No Variations]"
Add component (AddParameter): Name = "材质"; Value = "X7R"; VariantName = "[No Variations]"
Add component (AddParameter): Name = "版权归属"; Value = "源创客"; VariantName = "[No Variations]"
Added Component: Designator=C5(C0402_l)
Add component (AddParameter): Name = "BOM名称"; Value = "无极性贴片电容"; VariantName = "[No Variations]"
Add component (AddParameter): Name = "学习资源"; Value = "www.ooocke.com"; VariantName = "[No Variations]"
Add component (AddParameter): Name = "材质"; Value = "X7R"; VariantName = "[No Variations]"
Add component (AddParameter): Name = "版权归属"; Value = "源创客"; VariantName = "[No Variations]"
Added Component: Designator=C6(C0402_l)
Add component (AddParameter): Name = "BOM名称"; Value = "无极性贴片电容"; VariantName = "[No Variations]"
Add component (AddParameter): Name = "学习资源"; Value = "www.ooocke.com"; VariantName = "[No Variations]"
Add component (AddParameter): Name = "材质"; Value = "X7R"; VariantName = "[No Variations]"
Add component (AddParameter): Name = "版权归属"; Value = "源创客"; VariantName = "[No Variations]"
Added Component: Designator=C7(C0402_l)
Add component (AddParameter): Name = "BOM名称"; Value = "无极性贴片电容"; VariantName = "[No Variations]"
Add component (AddParameter): Name = "学习资源"; Value = "www.ooocke.com"; VariantName = "[No Variations]"
Add component (AddParameter): Name = "材质"; Value = "X7R"; VariantName = "[No Variations]"
Add component (AddParameter): Name = "版权归属"; Value = "源创客"; VariantName = "[No Variations]"
Added Component: Designator=C8(C0402_l)
Add component (AddParameter): Name = "BOM名称"; Value = "无极性贴片电容"; VariantName = "[No Variations]"
Add component (AddParameter): Name = "学习资源"; Value = "www.ooocke.com"; VariantName = "[No Variations]"
Add component (AddParameter): Name = "材质"; Value = "X7R"; VariantName = "[No Variations]"
Add component (AddParameter): Name = "版权归属"; Value = "源创客"; VariantName = "[No Variations]"
Added Component: Designator=C9(C0402_l)
Add component (AddParameter): Name = "BOM名称"; Value = "无极性贴片电容"; VariantName = "[No Variations]"
Add component (AddParameter): Name = "学习资源"; Value = "www.ooocke.com"; VariantName = "[No Variations]"
Add component (AddParameter): Name = "材质"; Value = "X7R"; VariantName = "[No Variations]"
Add component (AddParameter): Name = "版权归属"; Value = "源创客"; VariantName = "[No Variations]"
Added Component: Designator=C10(C0402_l)
Add component (AddParameter): Name = "BOM名称"; Value = "无极性贴片电容"; VariantName = "[No Variations]"
Add component (AddParameter): Name = "学习资源"; Value = "www.ooocke.com"; VariantName = "[No Variations]"
Add component (AddParameter): Name = "材质"; Value = "X7R"; VariantName = "[No Variations]"
Add component (AddParameter): Name = "版权归属"; Value = "源创客"; VariantName = "[No Variations]"
Added Component: Designator=C11(C0402_l)
Add component (AddParameter): Name = "BOM名称"; Value = "无极性贴片电容"; VariantName = "[No Variations]"
Add component (AddParameter): Name = "学习资源"; Value = "www.ooocke.com"; VariantName = "[No Variations]"
Add component (AddParameter): Name = "材质"; Value = "X7R"; VariantName = "[No Variations]"
Add component (AddParameter): Name = "版权归属"; Value = "源创客"; VariantName = "[No Variations]"
Added Component: Designator=C12(C0402_l)
Add component (AddParameter): Name = "BOM名称"; Value = "无极性贴片电容"; VariantName = "[No Variations]"
Add component (AddParameter): Name = "学习资源"; Value = "www.ooocke.com"; VariantName = "[No Variations]"
Add component (AddParameter): Name = "材质"; Value = "X7R"; VariantName = "[No Variations]"
Add component (AddParameter): Name = "版权归属"; Value = "源创客"; VariantName = "[No Variations]"
Added Component: Designator=C13(C0402_l)
Add component (AddParameter): Name = "BOM名称"; Value = "无极性贴片电容"; VariantName = "[No Variations]"
Add component (AddParameter): Name = "学习资源"; Value = "www.ooocke.com"; VariantName = "[No Variations]"
Add component (AddParameter): Name = "材质"; Value = "X7R"; VariantName = "[No Variations]"
Add component (AddParameter): Name = "版权归属"; Value = "源创客"; VariantName = "[No Variations]"
Added Component: Designator=C48(C0402_l)
Add component (AddParameter): Name = "BOM名称"; Value = "无极性贴片电容"; VariantName = "[No Variations]"
Add component (AddParameter): Name = "学习资源"; Value = "www.ooocke.com"; VariantName = "[No Variations]"
Add component (AddParameter): Name = "材质"; Value = "X7R"; VariantName = "[No Variations]"
Add component (AddParameter): Name = "版权归属"; Value = "源创客"; VariantName = "[No Variations]"
Added Component: Designator=C51(C0402_l)
Add component (AddParameter): Name = "BOM名称"; Value = "无极性贴片电容"; VariantName = "[No Variations]"
Add component (AddParameter): Name = "学习资源"; Value = "www.ooocke.com"; VariantName = "[No Variations]"
Add component (AddParameter): Name = "材质"; Value = "X7R"; VariantName = "[No Variations]"
Add component (AddParameter): Name = "版权归属"; Value = "源创客"; VariantName = "[No Variations]"
Added Component: Designator=C55(C0402_l)
Add component (AddParameter): Name = "BOM名称"; Value = "无极性贴片电容"; VariantName = "[No Variations]"
Add component (AddParameter): Name = "学习资源"; Value = "www.ooocke.com"; VariantName = "[No Variations]"
Add component (AddParameter): Name = "材质"; Value = "X7R"; VariantName = "[No Variations]"
Add component (AddParameter): Name = "版权归属"; Value = "源创客"; VariantName = "[No Variations]"
Added Component: Designator=C56(C0402_l)
Add component (AddParameter): Name = "BOM名称"; Value = "无极性贴片电容"; VariantName = "[No Variations]"
Add component (AddParameter): Name = "学习资源"; Value = "www.ooocke.com"; VariantName = "[No Variations]"
Add component (AddParameter): Name = "材质"; Value = "X7R"; VariantName = "[No Variations]"
Add component (AddParameter): Name = "版权归属"; Value = "源创客"; VariantName = "[No Variations]"
Added Component: Designator=E11(CT 6*6 - V)
Add component (AddParameter): Name = "BOM名称"; Value = "直插电解电容"; VariantName = "[No Variations]"
Add component (AddParameter): Name = "学习资源"; Value = "www.ooocke.com"; VariantName = "[No Variations]"
Add component (AddParameter): Name = "版权归属"; Value = "源创客"; VariantName = "[No Variations]"
Added Component: Designator=E18(CT 6*6 - V)
Add component (AddParameter): Name = "BOM名称"; Value = "直插电解电容"; VariantName = "[No Variations]"
Add component (AddParameter): Name = "学习资源"; Value = "www.ooocke.com"; VariantName = "[No Variations]"
Add component (AddParameter): Name = "版权归属"; Value = "源创客"; VariantName = "[No Variations]"
Added Component: Designator=E20(CT 6*6 - V)
Add component (AddParameter): Name = "BOM名称"; Value = "直插电解电容"; VariantName = "[No Variations]"
Add component (AddParameter): Name = "学习资源"; Value = "www.ooocke.com"; VariantName = "[No Variations]"
Add component (AddParameter): Name = "版权归属"; Value = "源创客"; VariantName = "[No Variations]"
Added Component: Designator=Q9(DFN8_5*6)
Add component (AddParameter): Name = "BOM名称"; Value = "场效应管"; VariantName = "[No Variations]"
Add component (AddParameter): Name = "学习资源"; Value = "www.ooocke.com"; VariantName = "[No Variations]"
Add component (AddParameter): Name = "描述"; Value = "P沟道 30V/4.2A"; VariantName = "[No Variations]"
Add component (AddParameter): Name = "版权归属"; Value = "源创客"; VariantName = "[No Variations]"
Added Component: Designator=Q10(DFN8_5*6)
Add component (AddParameter): Name = "BOM名称"; Value = "场效应管"; VariantName = "[No Variations]"
Add component (AddParameter): Name = "学习资源"; Value = "www.ooocke.com"; VariantName = "[No Variations]"
Add component (AddParameter): Name = "描述"; Value = "P沟道 30V/4.2A"; VariantName = "[No Variations]"
Add component (AddParameter): Name = "版权归属"; Value = "源创客"; VariantName = "[No Variations]"
Added Component: Designator=Q11(DFN8_5*6)
Add component (AddParameter): Name = "BOM名称"; Value = "场效应管"; VariantName = "[No Variations]"
Add component (AddParameter): Name = "学习资源"; Value = "www.ooocke.com"; VariantName = "[No Variations]"
Add component (AddParameter): Name = "描述"; Value = "P沟道 30V/4.2A"; VariantName = "[No Variations]"
Add component (AddParameter): Name = "版权归属"; Value = "源创客"; VariantName = "[No Variations]"
Added Component: Designator=R16(R 0402_L)
Add component (AddParameter): Name = "BOM名称"; Value = "贴片电阻"; VariantName = "[No Variations]"
Add component (AddParameter): Name = "学习资源"; Value = "www.ooocke.com"; VariantName = "[No Variations]"
Add component (AddParameter): Name = "版权归属"; Value = "源创客"; VariantName = "[No Variations]"
Added Component: Designator=R17(R 0402_L)
Add component (AddParameter): Name = "BOM名称"; Value = "贴片电阻"; VariantName = "[No Variations]"
Add component (AddParameter): Name = "学习资源"; Value = "www.ooocke.com"; VariantName = "[No Variations]"
Add component (AddParameter): Name = "版权归属"; Value = "源创客"; VariantName = "[No Variations]"
Added Component: Designator=R18(R 0402_L)
Add component (AddParameter): Name = "BOM名称"; Value = "贴片电阻"; VariantName = "[No Variations]"
Add component (AddParameter): Name = "学习资源"; Value = "www.ooocke.com"; VariantName = "[No Variations]"
Add component (AddParameter): Name = "版权归属"; Value = "源创客"; VariantName = "[No Variations]"
Added Component: Designator=R41(R1206)
Add component (AddParameter): Name = "BOM名称"; Value = "贴片电阻"; VariantName = "[No Variations]"
Add component (AddParameter): Name = "学习资源"; Value = "www.ooocke.com"; VariantName = "[No Variations]"
Add component (AddParameter): Name = "版权归属"; Value = "源创客"; VariantName = "[No Variations]"
Added Component: Designator=R43(R 0402_L)
Add component (AddParameter): Name = "BOM名称"; Value = "贴片电阻"; VariantName = "[No Variations]"
Add component (AddParameter): Name = "学习资源"; Value = "www.ooocke.com"; VariantName = "[No Variations]"
Add component (AddParameter): Name = "版权归属"; Value = "源创客"; VariantName = "[No Variations]"
Added Component: Designator=R44(R 0402_L)
Add component (AddParameter): Name = "BOM名称"; Value = "贴片电阻"; VariantName = "[No Variations]"
Add component (AddParameter): Name = "学习资源"; Value = "www.ooocke.com"; VariantName = "[No Variations]"
Add component (AddParameter): Name = "版权归属"; Value = "源创客"; VariantName = "[No Variations]"
Added Component: Designator=R45(R 0402_L)
Add component (AddParameter): Name = "BOM名称"; Value = "贴片电阻"; VariantName = "[No Variations]"
Add component (AddParameter): Name = "学习资源"; Value = "www.ooocke.com"; VariantName = "[No Variations]"
Add component (AddParameter): Name = "版权归属"; Value = "源创客"; VariantName = "[No Variations]"
Added Component: Designator=R46(R 0402_L)
Add component (AddParameter): Name = "BOM名称"; Value = "贴片电阻"; VariantName = "[No Variations]"
Add component (AddParameter): Name = "学习资源"; Value = "www.ooocke.com"; VariantName = "[No Variations]"
Add component (AddParameter): Name = "版权归属"; Value = "源创客"; VariantName = "[No Variations]"
Added Component: Designator=U4(QFN-28_L4.0-W4.0-P0.40-BL-EP)
Added Pin To Net: NetName=COMP Pin=C4-1
Added Pin To Net: NetName=PGND Pin=C4-2
Added Pin To Net: NetName=COMP Pin=C5-1
Added Pin To Net: NetName=VBUS Pin=C6-1
Added Pin To Net: NetName=PGND Pin=C6-2
Added Pin To Net: NetName=VBUS Pin=C7-1
Added Pin To Net: NetName=PGND Pin=C7-2
Added Pin To Net: NetName=PGND Pin=C8-2
Added Pin To Net: NetName=PGND Pin=C9-2
Added Pin To Net: NetName=PGND Pin=C11-2
Added Pin To Net: NetName=PGND Pin=C12-2
Added Pin To Net: NetName=PGND Pin=C13-2
Added Pin To Net: NetName=PGND Pin=C48-2
Added Pin To Net: NetName=PGND Pin=C55-1
Added Pin To Net: NetName=PGND Pin=C56-1
Added Pin To Net: NetName=VBUS Pin=E11-1
Added Pin To Net: NetName=PGND Pin=E11-2
Added Pin To Net: NetName=VBUS Pin=E18-1
Added Pin To Net: NetName=PGND Pin=E18-2
Added Pin To Net: NetName=PGND Pin=E20-2
Added Pin To Net: NetName=VBUS Pin=Q9-5
Added Pin To Net: NetName=VBUS Pin=Q9-5
Added Pin To Net: NetName=VBUS Pin=Q9-5
Added Pin To Net: NetName=VBUS Pin=Q9-5
Added Pin To Net: NetName=VBUS Pin=Q9-5
Added Pin To Net: NetName=PGND Pin=Q11-1
Added Pin To Net: NetName=PGND Pin=Q11-2
Added Pin To Net: NetName=PGND Pin=Q11-3
Add Pin To Net: Unknown Pin: Pin R7-2
Add Pin To Net: Unknown Pin: Pin R8-2
Added Pin To Net: NetName=PGND Pin=R16-1
Added Pin To Net: NetName=PGND Pin=R18-1
Added Pin To Net: NetName=PGND Pin=R46-1
Added Pin To Net: NetName=PGND Pin=U4-13
Added Pin To Net: NetName=VBUS Pin=U4-19
Added Pin To Net: NetName=COMP Pin=U4-25
Added Pin To Net: NetName=PGND Pin=U4-29
Added Pin To Net: NetName=BST Pin=C51-1
Added Pin To Net: NetName=BST Pin=U4-15
Added Net: Name=BST
Added Pin To Net: NetName=CSNA Pin=U4-8
Added Net: Name=CSNA
Added Pin To Net: NetName=CSNC Pin=U4-7
Added Net: Name=CSNC
Added Pin To Net: NetName=CSPA Pin=U4-9
Added Net: Name=CSPA
Added Pin To Net: NetName=CSPC Pin=U4-6
Added Net: Name=CSPC
Added Pin To Net: NetName=DMA Pin=U4-28
Added Net: Name=DMA
Added Pin To Net: NetName=DMC Pin=U4-4
Added Net: Name=DMC
Added Pin To Net: NetName=DPA Pin=U4-27
Added Net: Name=DPA
Added Pin To Net: NetName=DPC Pin=U4-3
Added Net: Name=DPC
Added Pin To Net: NetName=FLED Pin=R44-1
Added Pin To Net: NetName=FLED Pin=U4-5
Added Net: Name=FLED
Added Pin To Net: NetName=GATEA Pin=U4-23
Added Net: Name=GATEA
Added Pin To Net: NetName=GATEC Pin=Q10-4
Added Pin To Net: NetName=GATEC Pin=U4-22
Added Net: Name=GATEC
Added Pin To Net: NetName=HGATE Pin=Q9-4
Added Pin To Net: NetName=HGATE Pin=U4-17
Added Net: Name=HGATE
Added Pin To Net: NetName=IDA Pin=U4-26
Added Net: Name=IDA
Added Pin To Net: NetName=LGATE Pin=Q11-4
Added Pin To Net: NetName=LGATE Pin=U4-16
Added Net: Name=LGATE
Added Pin To Net: NetName=NetC5_2 Pin=C5-2
Added Pin To Net: NetName=NetC5_2 Pin=R16-2
Added Net: Name=NetC5_2
Added Pin To Net: NetName=NetC8_1 Pin=C8-1
Added Pin To Net: NetName=NetC8_1 Pin=U4-1
Added Net: Name=NetC8_1
Added Pin To Net: NetName=NetC9_1 Pin=C9-1
Added Pin To Net: NetName=NetC9_1 Pin=U4-2
Added Net: Name=NetC9_1
Added Pin To Net: NetName=NetC10_1 Pin=C10-1
Added Pin To Net: NetName=NetC10_1 Pin=Q10-5
Added Pin To Net: NetName=NetC10_1 Pin=Q10-5
Added Pin To Net: NetName=NetC10_1 Pin=Q10-5
Added Pin To Net: NetName=NetC10_1 Pin=Q10-5
Added Pin To Net: NetName=NetC10_1 Pin=Q10-5
Added Pin To Net: NetName=NetC10_1 Pin=R41-2
Added Net: Name=NetC10_1
Added Pin To Net: NetName=NetC10_2 Pin=C10-2
Added Pin To Net: NetName=NetC10_2 Pin=C11-1
Added Pin To Net: NetName=NetC10_2 Pin=C12-1
Added Pin To Net: NetName=NetC10_2 Pin=E20-1
Added Pin To Net: NetName=NetC10_2 Pin=L5-2
Added Pin To Net: NetName=NetC10_2 Pin=R41-1
Added Net: Name=NetC10_2
Added Pin To Net: NetName=NetC51_2 Pin=C51-2
Added Pin To Net: NetName=NetC51_2 Pin=L5-1
Added Pin To Net: NetName=NetC51_2 Pin=Q9-1
Added Pin To Net: NetName=NetC51_2 Pin=Q9-2
Added Pin To Net: NetName=NetC51_2 Pin=Q9-3
Added Pin To Net: NetName=NetC51_2 Pin=Q11-5
Added Pin To Net: NetName=NetC51_2 Pin=Q11-5
Added Pin To Net: NetName=NetC51_2 Pin=Q11-5
Added Pin To Net: NetName=NetC51_2 Pin=Q11-5
Added Pin To Net: NetName=NetC51_2 Pin=Q11-5
Added Pin To Net: NetName=NetC51_2 Pin=U4-18
Added Net: Name=NetC51_2
Added Pin To Net: NetName=NetC55_2 Pin=C55-2
Added Pin To Net: NetName=NetC55_2 Pin=U4-14
Added Net: Name=NetC55_2
Added Pin To Net: NetName=NetR17_1 Pin=R17-1
Added Pin To Net: NetName=NetR17_1 Pin=R18-2
Added Net: Name=NetR17_1
Added Pin To Net: NetName=NetR17_2 Pin=R17-2
Added Pin To Net: NetName=NetR17_2 Pin=U4-24
Added Net: Name=NetR17_2
Added Pin To Net: NetName=NetR43_1 Pin=R43-1
Added Pin To Net: NetName=NetR43_1 Pin=R44-2
Added Net: Name=NetR43_1
Added Pin To Net: NetName=NetR45_1 Pin=R45-1
Added Pin To Net: NetName=NetR45_1 Pin=R46-2
Added Net: Name=NetR45_1
Added Pin To Net: NetName=VBUS-A Pin=U4-11
Added Net: Name=VBUS-A
Added Pin To Net: NetName=VBUS-C Pin=C13-1
Added Pin To Net: NetName=VBUS-C Pin=C48-1
Added Pin To Net: NetName=VBUS-C Pin=Q10-1
Added Pin To Net: NetName=VBUS-C Pin=Q10-2
Added Pin To Net: NetName=VBUS-C Pin=Q10-3
Added Pin To Net: NetName=VBUS-C Pin=U3-A4B9
Added Pin To Net: NetName=VBUS-C Pin=U3-B4A9
Added Pin To Net: NetName=VBUS-C Pin=U4-10
Added Net: Name=VBUS-C
Added Pin To Net: NetName=VDD Pin=C56-2
Added Pin To Net: NetName=VDD Pin=R43-2
Added Pin To Net: NetName=VDD Pin=R45-2
Added Pin To Net: NetName=VDD Pin=U4-12
Added Net: Name=VDD
Change Class Name : Old Net Name=Sheet New Net Name=LM5143
Added Class: Name=SW3518
