Change Component Footprint: Designator=E7 Old Footprint=CAP 1.5*4*8 New Footprint=CT 6*6 - V
Change Component Footprint: Designator=E8 Old Footprint=CAP 1.5*4*8 New Footprint=CT 6*6 - V
Change Component Footprint: Designator=E9 Old Footprint=CAP 1.5*4*8 New Footprint=CT 6*6 - V
Change Component Footprint: Designator=E10 Old Footprint=CAP 1.5*4*8 New Footprint=CT 6*6 - V
Added Pin To Net: NetName=PGND Pin=C24-1
Added Pin To Net: NetName=VBUS Pin=C24-2
Add Pin To Net: Unknown Pin: Pin J3-1
Add Pin To Net: Unknown Pin: Pin J3-2
Add Pin To Net: Unknown Pin: Pin J3-S1
Add Pin To Net: Unknown Pin: Pin J3-S2
Add Pin To Net: Unknown Pin: Pin U4-2
Add Pin To Net: Unknown Pin: Pin U4-3
Add Pin To Net: Unknown Pin: Pin U4-4
Add Pin To Net: Unknown Pin: Pin U4-5
Add Pin To Net: Unknown Pin: Pin U4-6
Add Pin To Net: Unknown Pin: Pin U4-7
Add Pin To Net: Unknown Pin: Pin U4-8
Add Pin To Net: Unknown Pin: Pin U4-9
Add Pin To Net: Unknown Pin: Pin U4-10
Add Pin To Net: Unknown Pin: Pin U4-11
Add Pin To Net: Unknown Pin: Pin U4-12
Add Pin To Net: Unknown Pin: Pin U4-13
Add Pin To Net: Unknown Pin: Pin U4-14
Add Pin To Net: Unknown Pin: Pin U4-15
Add Pin To Net: Unknown Pin: Pin U4-16
Add Pin To Net: Unknown Pin: Pin U4-17
Add Pin To Net: Unknown Pin: Pin U4-18
Add Pin To Net: Unknown Pin: Pin U4-19
Add Pin To Net: Unknown Pin: Pin U4-20
Add Pin To Net: Unknown Pin: Pin U4-21
Add Pin To Net: Unknown Pin: Pin U4-22
Add Pin To Net: Unknown Pin: Pin U4-23
Add Pin To Net: Unknown Pin: Pin U4-24
Add Pin To Net: Unknown Pin: Pin U4-25
Added Member To Class: ClassName=Sheet Member=Component C16 10nF 50V
Added Member To Class: ClassName=Sheet Member=Component D9 SMBJ30A
Add Class Member: Failed to add class member : Component J3 XT30PW(2+2)-M.G.B
Added Member To Class: ClassName=Sheet Member=Component L7 0.68uH
Added Member To Class: ClassName=Sheet Member=Component R24 20K 1%
Add Class Member: Failed to add class member : Component U4 GS9238-ATQ-R
Added Member To Class: ClassName=Sheet Member=Component U5 LM5050
